{"/Users/thorancherukuru/SIT725_project copy/actual-files.test.js": {"path":"/Users/thorancherukuru/SIT725_project copy/actual-files.test.js","statementMap":{"0":{"start":{"line":1,"column":11},"end":{"line":1,"column":24}},"1":{"start":{"line":3,"column":0},"end":{"line":71,"column":3}},"2":{"start":{"line":4,"column":2},"end":{"line":23,"column":5}},"3":{"start":{"line":5,"column":4},"end":{"line":22,"column":5}},"4":{"start":{"line":6,"column":22},"end":{"line":6,"column":58}},"5":{"start":{"line":9,"column":6},"end":{"line":9,"column":48}},"6":{"start":{"line":10,"column":6},"end":{"line":10,"column":86}},"7":{"start":{"line":13,"column":6},"end":{"line":13,"column":80}},"8":{"start":{"line":16,"column":6},"end":{"line":16,"column":75}},"9":{"start":{"line":19,"column":6},"end":{"line":19,"column":60}},"10":{"start":{"line":21,"column":6},"end":{"line":21,"column":63}},"11":{"start":{"line":25,"column":2},"end":{"line":34,"column":5}},"12":{"start":{"line":26,"column":4},"end":{"line":33,"column":5}},"13":{"start":{"line":27,"column":22},"end":{"line":27,"column":62}},"14":{"start":{"line":29,"column":6},"end":{"line":29,"column":71}},"15":{"start":{"line":30,"column":6},"end":{"line":30,"column":69}},"16":{"start":{"line":32,"column":6},"end":{"line":32,"column":67}},"17":{"start":{"line":36,"column":2},"end":{"line":45,"column":5}},"18":{"start":{"line":37,"column":4},"end":{"line":44,"column":5}},"19":{"start":{"line":38,"column":22},"end":{"line":38,"column":60}},"20":{"start":{"line":40,"column":6},"end":{"line":40,"column":73}},"21":{"start":{"line":41,"column":6},"end":{"line":41,"column":50}},"22":{"start":{"line":43,"column":6},"end":{"line":43,"column":65}},"23":{"start":{"line":47,"column":2},"end":{"line":56,"column":5}},"24":{"start":{"line":48,"column":4},"end":{"line":55,"column":5}},"25":{"start":{"line":49,"column":22},"end":{"line":49,"column":59}},"26":{"start":{"line":51,"column":6},"end":{"line":51,"column":66}},"27":{"start":{"line":52,"column":6},"end":{"line":52,"column":55}},"28":{"start":{"line":54,"column":6},"end":{"line":54,"column":64}},"29":{"start":{"line":58,"column":2},"end":{"line":70,"column":5}},"30":{"start":{"line":59,"column":22},"end":{"line":59,"column":66}},"31":{"start":{"line":61,"column":4},"end":{"line":69,"column":7}},"32":{"start":{"line":62,"column":6},"end":{"line":68,"column":7}},"33":{"start":{"line":63,"column":24},"end":{"line":63,"column":60}},"34":{"start":{"line":64,"column":8},"end":{"line":64,"column":65}},"35":{"start":{"line":65,"column":8},"end":{"line":65,"column":51}},"36":{"start":{"line":67,"column":8},"end":{"line":67,"column":65}}},"fnMap":{"0":{"name":"(anonymous_0)","decl":{"start":{"line":3,"column":38},"end":{"line":3,"column":39}},"loc":{"start":{"line":3,"column":44},"end":{"line":71,"column":1}},"line":3},"1":{"name":"(anonymous_1)","decl":{"start":{"line":4,"column":52},"end":{"line":4,"column":53}},"loc":{"start":{"line":4,"column":58},"end":{"line":23,"column":3}},"line":4},"2":{"name":"(anonymous_2)","decl":{"start":{"line":25,"column":57},"end":{"line":25,"column":58}},"loc":{"start":{"line":25,"column":63},"end":{"line":34,"column":3}},"line":25},"3":{"name":"(anonymous_3)","decl":{"start":{"line":36,"column":56},"end":{"line":36,"column":57}},"loc":{"start":{"line":36,"column":62},"end":{"line":45,"column":3}},"line":36},"4":{"name":"(anonymous_4)","decl":{"start":{"line":47,"column":56},"end":{"line":47,"column":57}},"loc":{"start":{"line":47,"column":62},"end":{"line":56,"column":3}},"line":47},"5":{"name":"(anonymous_5)","decl":{"start":{"line":58,"column":62},"end":{"line":58,"column":63}},"loc":{"start":{"line":58,"column":68},"end":{"line":70,"column":3}},"line":58},"6":{"name":"(anonymous_6)","decl":{"start":{"line":61,"column":22},"end":{"line":61,"column":23}},"loc":{"start":{"line":61,"column":30},"end":{"line":69,"column":5}},"line":61}},"branchMap":{"0":{"loc":{"start":{"line":5,"column":4},"end":{"line":22,"column":5}},"type":"if","locations":[{"start":{"line":5,"column":4},"end":{"line":22,"column":5}},{"start":{"line":20,"column":11},"end":{"line":22,"column":5}}],"line":5},"1":{"loc":{"start":{"line":26,"column":4},"end":{"line":33,"column":5}},"type":"if","locations":[{"start":{"line":26,"column":4},"end":{"line":33,"column":5}},{"start":{"line":31,"column":11},"end":{"line":33,"column":5}}],"line":26},"2":{"loc":{"start":{"line":37,"column":4},"end":{"line":44,"column":5}},"type":"if","locations":[{"start":{"line":37,"column":4},"end":{"line":44,"column":5}},{"start":{"line":42,"column":11},"end":{"line":44,"column":5}}],"line":37},"3":{"loc":{"start":{"line":48,"column":4},"end":{"line":55,"column":5}},"type":"if","locations":[{"start":{"line":48,"column":4},"end":{"line":55,"column":5}},{"start":{"line":53,"column":11},"end":{"line":55,"column":5}}],"line":48},"4":{"loc":{"start":{"line":62,"column":6},"end":{"line":68,"column":7}},"type":"if","locations":[{"start":{"line":62,"column":6},"end":{"line":68,"column":7}},{"start":{"line":66,"column":13},"end":{"line":68,"column":7}}],"line":62}},"s":{"0":1,"1":1,"2":1,"3":1,"4":1,"5":1,"6":1,"7":1,"8":1,"9":1,"10":0,"11":1,"12":1,"13":1,"14":1,"15":1,"16":0,"17":1,"18":1,"19":1,"20":1,"21":1,"22":0,"23":1,"24":1,"25":1,"26":1,"27":1,"28":0,"29":1,"30":1,"31":1,"32":3,"33":3,"34":3,"35":3,"36":0},"f":{"0":1,"1":1,"2":1,"3":1,"4":1,"5":1,"6":3},"b":{"0":[1,0],"1":[1,0],"2":[1,0],"3":[1,0],"4":[3,0]},"_coverageSchema":"1a1c01bbd47fc00a2c39e90264f33305004495a9","hash":"895d52751e4e73ae961933377858c0e9e4bfe960"}
,"/Users/thorancherukuru/SIT725_project copy/app.test.js": {"path":"/Users/thorancherukuru/SIT725_project copy/app.test.js","statementMap":{"0":{"start":{"line":6,"column":26},"end":{"line":18,"column":4}},"1":{"start":{"line":6,"column":35},"end":{"line":18,"column":3}},"2":{"start":{"line":12,"column":30},"end":{"line":12,"column":35}},"3":{"start":{"line":21,"column":23},"end":{"line":39,"column":3}},"4":{"start":{"line":42,"column":2},"end":{"line":42,"column":87}},"5":{"start":{"line":42,"column":44},"end":{"line":42,"column":85}},"6":{"start":{"line":45,"column":27},"end":{"line":50,"column":3}},"7":{"start":{"line":51,"column":2},"end":{"line":51,"column":41}},"8":{"start":{"line":52,"column":2},"end":{"line":52,"column":27}},"9":{"start":{"line":55,"column":23},"end":{"line":101,"column":3}},"10":{"start":{"line":57,"column":20},"end":{"line":57,"column":65}},"11":{"start":{"line":58,"column":23},"end":{"line":58,"column":71}},"12":{"start":{"line":60,"column":6},"end":{"line":63,"column":7}},"13":{"start":{"line":61,"column":8},"end":{"line":61,"column":76}},"14":{"start":{"line":62,"column":8},"end":{"line":62,"column":21}},"15":{"start":{"line":65,"column":6},"end":{"line":68,"column":7}},"16":{"start":{"line":66,"column":8},"end":{"line":66,"column":79}},"17":{"start":{"line":67,"column":8},"end":{"line":67,"column":21}},"18":{"start":{"line":70,"column":6},"end":{"line":70,"column":18}},"19":{"start":{"line":74,"column":28},"end":{"line":74,"column":70}},"20":{"start":{"line":75,"column":6},"end":{"line":75,"column":83}},"21":{"start":{"line":76,"column":6},"end":{"line":76,"column":32}},"22":{"start":{"line":80,"column":6},"end":{"line":80,"column":66}},"23":{"start":{"line":81,"column":6},"end":{"line":81,"column":69}},"24":{"start":{"line":82,"column":6},"end":{"line":82,"column":18}},"25":{"start":{"line":86,"column":6},"end":{"line":86,"column":68}},"26":{"start":{"line":87,"column":6},"end":{"line":87,"column":66}},"27":{"start":{"line":88,"column":6},"end":{"line":88,"column":18}},"28":{"start":{"line":92,"column":6},"end":{"line":92,"column":60}},"29":{"start":{"line":92,"column":39},"end":{"line":92,"column":55}},"30":{"start":{"line":96,"column":6},"end":{"line":98,"column":7}},"31":{"start":{"line":97,"column":8},"end":{"line":97,"column":59}},"32":{"start":{"line":99,"column":6},"end":{"line":99,"column":61}},"33":{"start":{"line":103,"column":2},"end":{"line":202,"column":5}},"34":{"start":{"line":104,"column":4},"end":{"line":123,"column":7}},"35":{"start":{"line":105,"column":6},"end":{"line":105,"column":27}},"36":{"start":{"line":108,"column":6},"end":{"line":117,"column":9}},"37":{"start":{"line":109,"column":8},"end":{"line":109,"column":27}},"38":{"start":{"line":110,"column":8},"end":{"line":110,"column":35}},"39":{"start":{"line":111,"column":8},"end":{"line":111,"column":31}},"40":{"start":{"line":112,"column":8},"end":{"line":112,"column":33}},"41":{"start":{"line":113,"column":8},"end":{"line":113,"column":33}},"42":{"start":{"line":114,"column":8},"end":{"line":114,"column":34}},"43":{"start":{"line":115,"column":8},"end":{"line":115,"column":42}},"44":{"start":{"line":116,"column":8},"end":{"line":116,"column":45}},"45":{"start":{"line":120,"column":6},"end":{"line":120,"column":52}},"46":{"start":{"line":121,"column":6},"end":{"line":121,"column":54}},"47":{"start":{"line":122,"column":6},"end":{"line":122,"column":53}},"48":{"start":{"line":125,"column":4},"end":{"line":142,"column":7}},"49":{"start":{"line":127,"column":6},"end":{"line":127,"column":60}},"50":{"start":{"line":128,"column":6},"end":{"line":128,"column":57}},"51":{"start":{"line":129,"column":6},"end":{"line":129,"column":55}},"52":{"start":{"line":130,"column":6},"end":{"line":130,"column":89}},"53":{"start":{"line":133,"column":6},"end":{"line":133,"column":61}},"54":{"start":{"line":134,"column":6},"end":{"line":134,"column":51}},"55":{"start":{"line":135,"column":6},"end":{"line":135,"column":55}},"56":{"start":{"line":136,"column":6},"end":{"line":136,"column":92}},"57":{"start":{"line":139,"column":6},"end":{"line":139,"column":61}},"58":{"start":{"line":140,"column":6},"end":{"line":140,"column":57}},"59":{"start":{"line":141,"column":6},"end":{"line":141,"column":54}},"60":{"start":{"line":144,"column":4},"end":{"line":150,"column":7}},"61":{"start":{"line":145,"column":6},"end":{"line":145,"column":57}},"62":{"start":{"line":146,"column":6},"end":{"line":146,"column":61}},"63":{"start":{"line":148,"column":6},"end":{"line":148,"column":61}},"64":{"start":{"line":149,"column":6},"end":{"line":149,"column":65}},"65":{"start":{"line":152,"column":4},"end":{"line":160,"column":7}},"66":{"start":{"line":153,"column":6},"end":{"line":153,"column":56}},"67":{"start":{"line":154,"column":6},"end":{"line":154,"column":64}},"68":{"start":{"line":155,"column":6},"end":{"line":155,"column":67}},"69":{"start":{"line":157,"column":6},"end":{"line":157,"column":47}},"70":{"start":{"line":158,"column":6},"end":{"line":158,"column":64}},"71":{"start":{"line":159,"column":6},"end":{"line":159,"column":66}},"72":{"start":{"line":162,"column":4},"end":{"line":177,"column":7}},"73":{"start":{"line":163,"column":19},"end":{"line":167,"column":7}},"74":{"start":{"line":169,"column":20},"end":{"line":169,"column":53}},"75":{"start":{"line":170,"column":6},"end":{"line":170,"column":31}},"76":{"start":{"line":173,"column":6},"end":{"line":173,"column":54}},"77":{"start":{"line":176,"column":6},"end":{"line":176,"column":92}},"78":{"start":{"line":179,"column":4},"end":{"line":201,"column":7}},"79":{"start":{"line":181,"column":22},"end":{"line":181,"column":59}},"80":{"start":{"line":182,"column":6},"end":{"line":182,"column":41}},"81":{"start":{"line":183,"column":6},"end":{"line":183,"column":56}},"82":{"start":{"line":186,"column":22},"end":{"line":186,"column":59}},"83":{"start":{"line":187,"column":6},"end":{"line":187,"column":42}},"84":{"start":{"line":188,"column":6},"end":{"line":188,"column":51}},"85":{"start":{"line":191,"column":22},"end":{"line":191,"column":57}},"86":{"start":{"line":192,"column":6},"end":{"line":192,"column":42}},"87":{"start":{"line":195,"column":22},"end":{"line":195,"column":60}},"88":{"start":{"line":196,"column":6},"end":{"line":196,"column":42}},"89":{"start":{"line":199,"column":22},"end":{"line":199,"column":59}},"90":{"start":{"line":200,"column":6},"end":{"line":200,"column":41}}},"fnMap":{"0":{"name":"(anonymous_0)","decl":{"start":{"line":6,"column":26},"end":{"line":6,"column":27}},"loc":{"start":{"line":6,"column":35},"end":{"line":18,"column":3}},"line":6},"1":{"name":"(anonymous_1)","decl":{"start":{"line":12,"column":24},"end":{"line":12,"column":25}},"loc":{"start":{"line":12,"column":30},"end":{"line":12,"column":35}},"line":12},"2":{"name":"(anonymous_2)","decl":{"start":{"line":42,"column":36},"end":{"line":42,"column":37}},"loc":{"start":{"line":42,"column":44},"end":{"line":42,"column":85}},"line":42},"3":{"name":"(anonymous_3)","decl":{"start":{"line":56,"column":19},"end":{"line":56,"column":20}},"loc":{"start":{"line":56,"column":30},"end":{"line":71,"column":5}},"line":56},"4":{"name":"(anonymous_4)","decl":{"start":{"line":73,"column":20},"end":{"line":73,"column":21}},"loc":{"start":{"line":73,"column":31},"end":{"line":77,"column":5}},"line":73},"5":{"name":"(anonymous_5)","decl":{"start":{"line":79,"column":21},"end":{"line":79,"column":22}},"loc":{"start":{"line":79,"column":32},"end":{"line":83,"column":5}},"line":79},"6":{"name":"(anonymous_6)","decl":{"start":{"line":85,"column":12},"end":{"line":85,"column":13}},"loc":{"start":{"line":85,"column":23},"end":{"line":89,"column":5}},"line":85},"7":{"name":"(anonymous_7)","decl":{"start":{"line":91,"column":20},"end":{"line":91,"column":21}},"loc":{"start":{"line":91,"column":35},"end":{"line":93,"column":5}},"line":91},"8":{"name":"(anonymous_8)","decl":{"start":{"line":92,"column":25},"end":{"line":92,"column":26}},"loc":{"start":{"line":92,"column":39},"end":{"line":92,"column":55}},"line":92},"9":{"name":"(anonymous_9)","decl":{"start":{"line":95,"column":20},"end":{"line":95,"column":21}},"loc":{"start":{"line":95,"column":44},"end":{"line":100,"column":5}},"line":95},"10":{"name":"(anonymous_10)","decl":{"start":{"line":103,"column":36},"end":{"line":103,"column":37}},"loc":{"start":{"line":103,"column":42},"end":{"line":202,"column":3}},"line":103},"11":{"name":"(anonymous_11)","decl":{"start":{"line":104,"column":15},"end":{"line":104,"column":16}},"loc":{"start":{"line":104,"column":21},"end":{"line":123,"column":5}},"line":104},"12":{"name":"(anonymous_12)","decl":{"start":{"line":108,"column":42},"end":{"line":108,"column":43}},"loc":{"start":{"line":108,"column":53},"end":{"line":117,"column":7}},"line":108},"13":{"name":"(anonymous_13)","decl":{"start":{"line":125,"column":49},"end":{"line":125,"column":50}},"loc":{"start":{"line":125,"column":55},"end":{"line":142,"column":5}},"line":125},"14":{"name":"(anonymous_14)","decl":{"start":{"line":144,"column":46},"end":{"line":144,"column":47}},"loc":{"start":{"line":144,"column":52},"end":{"line":150,"column":5}},"line":144},"15":{"name":"(anonymous_15)","decl":{"start":{"line":152,"column":60},"end":{"line":152,"column":61}},"loc":{"start":{"line":152,"column":66},"end":{"line":160,"column":5}},"line":152},"16":{"name":"(anonymous_16)","decl":{"start":{"line":162,"column":54},"end":{"line":162,"column":55}},"loc":{"start":{"line":162,"column":60},"end":{"line":177,"column":5}},"line":162},"17":{"name":"(anonymous_17)","decl":{"start":{"line":179,"column":52},"end":{"line":179,"column":53}},"loc":{"start":{"line":179,"column":58},"end":{"line":201,"column":5}},"line":179}},"branchMap":{"0":{"loc":{"start":{"line":42,"column":44},"end":{"line":42,"column":85}},"type":"binary-expr","locations":[{"start":{"line":42,"column":44},"end":{"line":42,"column":60}},{"start":{"line":42,"column":64},"end":{"line":42,"column":85}}],"line":42},"1":{"loc":{"start":{"line":60,"column":6},"end":{"line":63,"column":7}},"type":"if","locations":[{"start":{"line":60,"column":6},"end":{"line":63,"column":7}},{"start":{},"end":{}}],"line":60},"2":{"loc":{"start":{"line":65,"column":6},"end":{"line":68,"column":7}},"type":"if","locations":[{"start":{"line":65,"column":6},"end":{"line":68,"column":7}},{"start":{},"end":{}}],"line":65},"3":{"loc":{"start":{"line":75,"column":27},"end":{"line":75,"column":82}},"type":"cond-expr","locations":[{"start":{"line":75,"column":63},"end":{"line":75,"column":69}},{"start":{"line":75,"column":72},"end":{"line":75,"column":82}}],"line":75},"4":{"loc":{"start":{"line":96,"column":6},"end":{"line":98,"column":7}},"type":"if","locations":[{"start":{"line":96,"column":6},"end":{"line":98,"column":7}},{"start":{},"end":{}}],"line":96},"5":{"loc":{"start":{"line":96,"column":10},"end":{"line":96,"column":39}},"type":"binary-expr","locations":[{"start":{"line":96,"column":10},"end":{"line":96,"column":21}},{"start":{"line":96,"column":25},"end":{"line":96,"column":39}}],"line":96}},"s":{"0":1,"1":17,"2":0,"3":1,"4":1,"5":14,"6":1,"7":1,"8":1,"9":1,"10":3,"11":3,"12":3,"13":1,"14":1,"15":2,"16":1,"17":1,"18":1,"19":2,"20":2,"21":2,"22":1,"23":1,"24":1,"25":1,"26":1,"27":1,"28":3,"29":4,"30":5,"31":3,"32":2,"33":1,"34":1,"35":5,"36":5,"37":85,"38":85,"39":85,"40":85,"41":85,"42":85,"43":85,"44":85,"45":5,"46":5,"47":5,"48":1,"49":1,"50":1,"51":1,"52":1,"53":1,"54":1,"55":1,"56":1,"57":1,"58":1,"59":1,"60":1,"61":1,"62":1,"63":1,"64":1,"65":1,"66":1,"67":1,"68":1,"69":1,"70":1,"71":1,"72":1,"73":1,"74":1,"75":1,"76":1,"77":1,"78":1,"79":1,"80":1,"81":1,"82":1,"83":1,"84":1,"85":1,"86":1,"87":1,"88":1,"89":1,"90":1},"f":{"0":17,"1":0,"2":14,"3":3,"4":2,"5":1,"6":1,"7":3,"8":4,"9":5,"10":1,"11":5,"12":85,"13":1,"14":1,"15":1,"16":1,"17":1},"b":{"0":[14,0],"1":[1,2],"2":[1,1],"3":[1,1],"4":[3,2],"5":[5,3]},"_coverageSchema":"1a1c01bbd47fc00a2c39e90264f33305004495a9","hash":"72440645bef58f047a1b696278e97d01b0f4e9e8"}
,"/Users/thorancherukuru/SIT725_project copy/auth-functions.js": {"path":"/Users/thorancherukuru/SIT725_project copy/auth-functions.js","statementMap":{"0":{"start":{"line":2,"column":21},"end":{"line":5,"column":1}},"1":{"start":{"line":8,"column":20},"end":{"line":24,"column":1}},"2":{"start":{"line":28,"column":2},"end":{"line":30,"column":3}},"3":{"start":{"line":29,"column":4},"end":{"line":29,"column":69}},"4":{"start":{"line":32,"column":2},"end":{"line":34,"column":3}},"5":{"start":{"line":33,"column":4},"end":{"line":33,"column":71}},"6":{"start":{"line":36,"column":25},"end":{"line":38,"column":3}},"7":{"start":{"line":37,"column":4},"end":{"line":37,"column":60}},"8":{"start":{"line":40,"column":2},"end":{"line":44,"column":3}},"9":{"start":{"line":41,"column":4},"end":{"line":41,"column":51}},"10":{"start":{"line":43,"column":4},"end":{"line":43,"column":66}},"11":{"start":{"line":48,"column":2},"end":{"line":48,"column":58}},"12":{"start":{"line":52,"column":18},"end":{"line":52,"column":48}},"13":{"start":{"line":53,"column":2},"end":{"line":53,"column":62}},"14":{"start":{"line":57,"column":2},"end":{"line":57,"column":56}},"15":{"start":{"line":57,"column":35},"end":{"line":57,"column":51}},"16":{"start":{"line":61,"column":14},"end":{"line":61,"column":68}},"17":{"start":{"line":62,"column":23},"end":{"line":62,"column":25}},"18":{"start":{"line":64,"column":2},"end":{"line":69,"column":3}},"19":{"start":{"line":64,"column":15},"end":{"line":64,"column":16}},"20":{"start":{"line":65,"column":4},"end":{"line":67,"column":5}},"21":{"start":{"line":66,"column":6},"end":{"line":66,"column":28}},"22":{"start":{"line":68,"column":4},"end":{"line":68,"column":31}},"23":{"start":{"line":71,"column":2},"end":{"line":71,"column":24}},"24":{"start":{"line":75,"column":14},"end":{"line":75,"column":64}},"25":{"start":{"line":78,"column":2},"end":{"line":84,"column":3}},"26":{"start":{"line":80,"column":4},"end":{"line":82,"column":5}},"27":{"start":{"line":81,"column":6},"end":{"line":81,"column":19}},"28":{"start":{"line":83,"column":4},"end":{"line":83,"column":63}},"29":{"start":{"line":86,"column":2},"end":{"line":86,"column":15}},"30":{"start":{"line":90,"column":2},"end":{"line":90,"column":43}},"31":{"start":{"line":94,"column":18},"end":{"line":94,"column":63}},"32":{"start":{"line":94,"column":43},"end":{"line":94,"column":62}},"33":{"start":{"line":95,"column":2},"end":{"line":102,"column":3}},"34":{"start":{"line":96,"column":4},"end":{"line":101,"column":6}},"35":{"start":{"line":103,"column":2},"end":{"line":103,"column":14}},"36":{"start":{"line":107,"column":0},"end":{"line":118,"column":2}}},"fnMap":{"0":{"name":"validateLogin","decl":{"start":{"line":27,"column":9},"end":{"line":27,"column":22}},"loc":{"start":{"line":27,"column":40},"end":{"line":45,"column":1}},"line":27},"1":{"name":"(anonymous_1)","decl":{"start":{"line":36,"column":43},"end":{"line":36,"column":44}},"loc":{"start":{"line":37,"column":4},"end":{"line":37,"column":60}},"line":37},"2":{"name":"togglePassword","decl":{"start":{"line":47,"column":9},"end":{"line":47,"column":23}},"loc":{"start":{"line":47,"column":37},"end":{"line":49,"column":1}},"line":47},"3":{"name":"fillTestCredentials","decl":{"start":{"line":51,"column":9},"end":{"line":51,"column":28}},"loc":{"start":{"line":51,"column":43},"end":{"line":54,"column":1}},"line":51},"4":{"name":"calculateTotalPayable","decl":{"start":{"line":56,"column":9},"end":{"line":56,"column":30}},"loc":{"start":{"line":56,"column":37},"end":{"line":58,"column":1}},"line":56},"5":{"name":"(anonymous_5)","decl":{"start":{"line":57,"column":21},"end":{"line":57,"column":22}},"loc":{"start":{"line":57,"column":35},"end":{"line":57,"column":51}},"line":57},"6":{"name":"formatCardNumber","decl":{"start":{"line":60,"column":9},"end":{"line":60,"column":25}},"loc":{"start":{"line":60,"column":38},"end":{"line":72,"column":1}},"line":60},"7":{"name":"formatExpiryDate","decl":{"start":{"line":74,"column":9},"end":{"line":74,"column":25}},"loc":{"start":{"line":74,"column":34},"end":{"line":87,"column":1}},"line":74},"8":{"name":"isValidPaymentAmount","decl":{"start":{"line":89,"column":9},"end":{"line":89,"column":29}},"loc":{"start":{"line":89,"column":49},"end":{"line":91,"column":1}},"line":89},"9":{"name":"getStudentProfile","decl":{"start":{"line":93,"column":9},"end":{"line":93,"column":26}},"loc":{"start":{"line":93,"column":34},"end":{"line":104,"column":1}},"line":93},"10":{"name":"(anonymous_10)","decl":{"start":{"line":94,"column":36},"end":{"line":94,"column":37}},"loc":{"start":{"line":94,"column":43},"end":{"line":94,"column":62}},"line":94}},"branchMap":{"0":{"loc":{"start":{"line":28,"column":2},"end":{"line":30,"column":3}},"type":"if","locations":[{"start":{"line":28,"column":2},"end":{"line":30,"column":3}},{"start":{},"end":{}}],"line":28},"1":{"loc":{"start":{"line":32,"column":2},"end":{"line":34,"column":3}},"type":"if","locations":[{"start":{"line":32,"column":2},"end":{"line":34,"column":3}},{"start":{},"end":{}}],"line":32},"2":{"loc":{"start":{"line":37,"column":4},"end":{"line":37,"column":60}},"type":"binary-expr","locations":[{"start":{"line":37,"column":4},"end":{"line":37,"column":27}},{"start":{"line":37,"column":31},"end":{"line":37,"column":60}}],"line":37},"3":{"loc":{"start":{"line":40,"column":2},"end":{"line":44,"column":3}},"type":"if","locations":[{"start":{"line":40,"column":2},"end":{"line":44,"column":3}},{"start":{"line":42,"column":9},"end":{"line":44,"column":3}}],"line":40},"4":{"loc":{"start":{"line":48,"column":9},"end":{"line":48,"column":57}},"type":"cond-expr","locations":[{"start":{"line":48,"column":38},"end":{"line":48,"column":44}},{"start":{"line":48,"column":47},"end":{"line":48,"column":57}}],"line":48},"5":{"loc":{"start":{"line":65,"column":4},"end":{"line":67,"column":5}},"type":"if","locations":[{"start":{"line":65,"column":4},"end":{"line":67,"column":5}},{"start":{},"end":{}}],"line":65},"6":{"loc":{"start":{"line":65,"column":8},"end":{"line":65,"column":28}},"type":"binary-expr","locations":[{"start":{"line":65,"column":8},"end":{"line":65,"column":13}},{"start":{"line":65,"column":17},"end":{"line":65,"column":28}}],"line":65},"7":{"loc":{"start":{"line":78,"column":2},"end":{"line":84,"column":3}},"type":"if","locations":[{"start":{"line":78,"column":2},"end":{"line":84,"column":3}},{"start":{},"end":{}}],"line":78},"8":{"loc":{"start":{"line":80,"column":4},"end":{"line":82,"column":5}},"type":"if","locations":[{"start":{"line":80,"column":4},"end":{"line":82,"column":5}},{"start":{},"end":{}}],"line":80},"9":{"loc":{"start":{"line":90,"column":9},"end":{"line":90,"column":42}},"type":"binary-expr","locations":[{"start":{"line":90,"column":9},"end":{"line":90,"column":19}},{"start":{"line":90,"column":23},"end":{"line":90,"column":42}}],"line":90},"10":{"loc":{"start":{"line":95,"column":2},"end":{"line":102,"column":3}},"type":"if","locations":[{"start":{"line":95,"column":2},"end":{"line":102,"column":3}},{"start":{},"end":{}}],"line":95}},"s":{"0":5,"1":5,"2":14,"3":3,"4":11,"5":2,"6":9,"7":12,"8":9,"9":7,"10":2,"11":2,"12":2,"13":2,"14":10,"15":18,"16":13,"17":13,"18":13,"19":13,"20":99,"21":15,"22":99,"23":13,"24":3,"25":3,"26":2,"27":1,"28":1,"29":1,"30":23,"31":16,"32":24,"33":16,"34":10,"35":6,"36":5},"f":{"0":14,"1":12,"2":2,"3":2,"4":10,"5":18,"6":13,"7":3,"8":23,"9":16,"10":24},"b":{"0":[3,11],"1":[2,9],"2":[12,8],"3":[7,2],"4":[1,1],"5":[15,84],"6":[99,87],"7":[2,1],"8":[1,1],"9":[23,16],"10":[10,6]},"_coverageSchema":"1a1c01bbd47fc00a2c39e90264f33305004495a9","hash":"af2e90ab34b4459a36c69bd8fab6225f7045182a"}
,"/Users/thorancherukuru/SIT725_project copy/auth-integration.test.js": {"path":"/Users/thorancherukuru/SIT725_project copy/auth-integration.test.js","statementMap":{"0":{"start":{"line":6,"column":0},"end":{"line":6,"column":25}},"1":{"start":{"line":7,"column":0},"end":{"line":12,"column":2}},"2":{"start":{"line":15,"column":21},"end":{"line":15,"column":23}},"3":{"start":{"line":16,"column":0},"end":{"line":28,"column":3}},"4":{"start":{"line":17,"column":2},"end":{"line":26,"column":3}},"5":{"start":{"line":18,"column":4},"end":{"line":25,"column":6}},"6":{"start":{"line":27,"column":2},"end":{"line":27,"column":26}},"7":{"start":{"line":31,"column":0},"end":{"line":80,"column":3}},"8":{"start":{"line":32,"column":2},"end":{"line":35,"column":5}},"9":{"start":{"line":33,"column":4},"end":{"line":33,"column":25}},"10":{"start":{"line":34,"column":4},"end":{"line":34,"column":71}},"11":{"start":{"line":34,"column":45},"end":{"line":34,"column":69}},"12":{"start":{"line":37,"column":2},"end":{"line":46,"column":5}},"13":{"start":{"line":39,"column":26},"end":{"line":39,"column":69}},"14":{"start":{"line":39,"column":37},"end":{"line":39,"column":69}},"15":{"start":{"line":40,"column":29},"end":{"line":40,"column":63}},"16":{"start":{"line":40,"column":43},"end":{"line":40,"column":63}},"17":{"start":{"line":42,"column":4},"end":{"line":42,"column":59}},"18":{"start":{"line":43,"column":4},"end":{"line":43,"column":59}},"19":{"start":{"line":44,"column":4},"end":{"line":44,"column":55}},"20":{"start":{"line":45,"column":4},"end":{"line":45,"column":50}},"21":{"start":{"line":48,"column":2},"end":{"line":60,"column":5}},"22":{"start":{"line":50,"column":28},"end":{"line":55,"column":5}},"23":{"start":{"line":51,"column":6},"end":{"line":53,"column":7}},"24":{"start":{"line":52,"column":8},"end":{"line":52,"column":57}},"25":{"start":{"line":54,"column":6},"end":{"line":54,"column":29}},"26":{"start":{"line":57,"column":4},"end":{"line":57,"column":55}},"27":{"start":{"line":58,"column":4},"end":{"line":58,"column":54}},"28":{"start":{"line":59,"column":4},"end":{"line":59,"column":56}},"29":{"start":{"line":62,"column":2},"end":{"line":79,"column":5}},"30":{"start":{"line":64,"column":29},"end":{"line":66,"column":5}},"31":{"start":{"line":65,"column":6},"end":{"line":65,"column":74}},"32":{"start":{"line":68,"column":25},"end":{"line":74,"column":5}},"33":{"start":{"line":69,"column":20},"end":{"line":69,"column":45}},"34":{"start":{"line":70,"column":6},"end":{"line":72,"column":7}},"35":{"start":{"line":71,"column":8},"end":{"line":71,"column":59}},"36":{"start":{"line":73,"column":6},"end":{"line":73,"column":19}},"37":{"start":{"line":76,"column":4},"end":{"line":76,"column":77}},"38":{"start":{"line":77,"column":4},"end":{"line":77,"column":47}},"39":{"start":{"line":78,"column":4},"end":{"line":78,"column":43}}},"fnMap":{"0":{"name":"(anonymous_0)","decl":{"start":{"line":16,"column":34},"end":{"line":16,"column":35}},"loc":{"start":{"line":16,"column":42},"end":{"line":28,"column":1}},"line":16},"1":{"name":"(anonymous_1)","decl":{"start":{"line":31,"column":32},"end":{"line":31,"column":33}},"loc":{"start":{"line":31,"column":38},"end":{"line":80,"column":1}},"line":31},"2":{"name":"(anonymous_2)","decl":{"start":{"line":32,"column":13},"end":{"line":32,"column":14}},"loc":{"start":{"line":32,"column":19},"end":{"line":35,"column":3}},"line":32},"3":{"name":"(anonymous_3)","decl":{"start":{"line":34,"column":38},"end":{"line":34,"column":39}},"loc":{"start":{"line":34,"column":45},"end":{"line":34,"column":69}},"line":34},"4":{"name":"(anonymous_4)","decl":{"start":{"line":37,"column":35},"end":{"line":37,"column":36}},"loc":{"start":{"line":37,"column":41},"end":{"line":46,"column":3}},"line":37},"5":{"name":"(anonymous_5)","decl":{"start":{"line":39,"column":26},"end":{"line":39,"column":27}},"loc":{"start":{"line":39,"column":37},"end":{"line":39,"column":69}},"line":39},"6":{"name":"(anonymous_6)","decl":{"start":{"line":40,"column":29},"end":{"line":40,"column":30}},"loc":{"start":{"line":40,"column":43},"end":{"line":40,"column":63}},"line":40},"7":{"name":"(anonymous_7)","decl":{"start":{"line":48,"column":43},"end":{"line":48,"column":44}},"loc":{"start":{"line":48,"column":49},"end":{"line":60,"column":3}},"line":48},"8":{"name":"(anonymous_8)","decl":{"start":{"line":50,"column":28},"end":{"line":50,"column":29}},"loc":{"start":{"line":50,"column":47},"end":{"line":55,"column":5}},"line":50},"9":{"name":"(anonymous_9)","decl":{"start":{"line":62,"column":47},"end":{"line":62,"column":48}},"loc":{"start":{"line":62,"column":53},"end":{"line":79,"column":3}},"line":62},"10":{"name":"(anonymous_10)","decl":{"start":{"line":64,"column":29},"end":{"line":64,"column":30}},"loc":{"start":{"line":64,"column":41},"end":{"line":66,"column":5}},"line":64},"11":{"name":"(anonymous_11)","decl":{"start":{"line":68,"column":25},"end":{"line":68,"column":26}},"loc":{"start":{"line":68,"column":37},"end":{"line":74,"column":5}},"line":68}},"branchMap":{"0":{"loc":{"start":{"line":17,"column":2},"end":{"line":26,"column":3}},"type":"if","locations":[{"start":{"line":17,"column":2},"end":{"line":26,"column":3}},{"start":{},"end":{}}],"line":17},"1":{"loc":{"start":{"line":51,"column":6},"end":{"line":53,"column":7}},"type":"if","locations":[{"start":{"line":51,"column":6},"end":{"line":53,"column":7}},{"start":{},"end":{}}],"line":51},"2":{"loc":{"start":{"line":51,"column":10},"end":{"line":51,"column":39}},"type":"binary-expr","locations":[{"start":{"line":51,"column":10},"end":{"line":51,"column":21}},{"start":{"line":51,"column":25},"end":{"line":51,"column":39}}],"line":51},"3":{"loc":{"start":{"line":70,"column":6},"end":{"line":72,"column":7}},"type":"if","locations":[{"start":{"line":70,"column":6},"end":{"line":72,"column":7}},{"start":{},"end":{}}],"line":70}},"s":{"0":1,"1":1,"2":1,"3":1,"4":0,"5":0,"6":0,"7":1,"8":1,"9":3,"10":3,"11":0,"12":1,"13":1,"14":2,"15":1,"16":2,"17":1,"18":1,"19":1,"20":1,"21":1,"22":1,"23":3,"24":2,"25":1,"26":1,"27":1,"28":1,"29":1,"30":1,"31":1,"32":1,"33":2,"34":2,"35":2,"36":0,"37":1,"38":1,"39":1},"f":{"0":0,"1":1,"2":3,"3":0,"4":1,"5":2,"6":2,"7":1,"8":3,"9":1,"10":1,"11":2},"b":{"0":[0,0],"1":[2,1],"2":[3,2],"3":[2,0]},"_coverageSchema":"1a1c01bbd47fc00a2c39e90264f33305004495a9","hash":"914f95a3e0dca963246fb13199bf20c0bdf0597d"}
,"/Users/thorancherukuru/SIT725_project copy/auth-js.test.js": {"path":"/Users/thorancherukuru/SIT725_project copy/auth-js.test.js","statementMap":{"0":{"start":{"line":6,"column":0},"end":{"line":6,"column":25}},"1":{"start":{"line":7,"column":0},"end":{"line":12,"column":2}},"2":{"start":{"line":15,"column":26},"end":{"line":23,"column":2}},"3":{"start":{"line":15,"column":35},"end":{"line":23,"column":1}},"4":{"start":{"line":25,"column":21},"end":{"line":30,"column":1}},"5":{"start":{"line":33,"column":0},"end":{"line":35,"column":3}},"6":{"start":{"line":34,"column":2},"end":{"line":34,"column":51}},"7":{"start":{"line":38,"column":15},"end":{"line":83,"column":1}},"8":{"start":{"line":41,"column":18},"end":{"line":41,"column":63}},"9":{"start":{"line":42,"column":21},"end":{"line":42,"column":69}},"10":{"start":{"line":44,"column":4},"end":{"line":47,"column":5}},"11":{"start":{"line":45,"column":6},"end":{"line":45,"column":74}},"12":{"start":{"line":46,"column":6},"end":{"line":46,"column":19}},"13":{"start":{"line":49,"column":4},"end":{"line":52,"column":5}},"14":{"start":{"line":50,"column":6},"end":{"line":50,"column":77}},"15":{"start":{"line":51,"column":6},"end":{"line":51,"column":19}},"16":{"start":{"line":54,"column":4},"end":{"line":54,"column":16}},"17":{"start":{"line":58,"column":26},"end":{"line":58,"column":68}},"18":{"start":{"line":59,"column":4},"end":{"line":59,"column":81}},"19":{"start":{"line":60,"column":4},"end":{"line":60,"column":30}},"20":{"start":{"line":65,"column":4},"end":{"line":68,"column":5}},"21":{"start":{"line":66,"column":6},"end":{"line":66,"column":38}},"22":{"start":{"line":67,"column":6},"end":{"line":67,"column":19}},"23":{"start":{"line":71,"column":4},"end":{"line":71,"column":16}},"24":{"start":{"line":76,"column":4},"end":{"line":76,"column":35}},"25":{"start":{"line":80,"column":24},"end":{"line":80,"column":53}},"26":{"start":{"line":81,"column":4},"end":{"line":81,"column":66}},"27":{"start":{"line":85,"column":0},"end":{"line":152,"column":3}},"28":{"start":{"line":86,"column":2},"end":{"line":103,"column":5}},"29":{"start":{"line":87,"column":4},"end":{"line":87,"column":25}},"30":{"start":{"line":90,"column":4},"end":{"line":99,"column":7}},"31":{"start":{"line":91,"column":6},"end":{"line":91,"column":25}},"32":{"start":{"line":92,"column":6},"end":{"line":92,"column":33}},"33":{"start":{"line":93,"column":6},"end":{"line":93,"column":29}},"34":{"start":{"line":94,"column":6},"end":{"line":94,"column":31}},"35":{"start":{"line":95,"column":6},"end":{"line":95,"column":31}},"36":{"start":{"line":96,"column":6},"end":{"line":96,"column":32}},"37":{"start":{"line":97,"column":6},"end":{"line":97,"column":40}},"38":{"start":{"line":98,"column":6},"end":{"line":98,"column":43}},"39":{"start":{"line":102,"column":4},"end":{"line":102,"column":22}},"40":{"start":{"line":105,"column":2},"end":{"line":122,"column":5}},"41":{"start":{"line":107,"column":4},"end":{"line":107,"column":58}},"42":{"start":{"line":108,"column":4},"end":{"line":108,"column":55}},"43":{"start":{"line":109,"column":4},"end":{"line":109,"column":47}},"44":{"start":{"line":110,"column":4},"end":{"line":110,"column":87}},"45":{"start":{"line":113,"column":4},"end":{"line":113,"column":59}},"46":{"start":{"line":114,"column":4},"end":{"line":114,"column":49}},"47":{"start":{"line":115,"column":4},"end":{"line":115,"column":47}},"48":{"start":{"line":116,"column":4},"end":{"line":116,"column":90}},"49":{"start":{"line":119,"column":4},"end":{"line":119,"column":59}},"50":{"start":{"line":120,"column":4},"end":{"line":120,"column":55}},"51":{"start":{"line":121,"column":4},"end":{"line":121,"column":46}},"52":{"start":{"line":124,"column":2},"end":{"line":131,"column":5}},"53":{"start":{"line":125,"column":4},"end":{"line":125,"column":51}},"54":{"start":{"line":126,"column":4},"end":{"line":126,"column":49}},"55":{"start":{"line":127,"column":4},"end":{"line":127,"column":59}},"56":{"start":{"line":129,"column":4},"end":{"line":129,"column":53}},"57":{"start":{"line":130,"column":4},"end":{"line":130,"column":63}},"58":{"start":{"line":133,"column":2},"end":{"line":138,"column":5}},"59":{"start":{"line":134,"column":4},"end":{"line":134,"column":55}},"60":{"start":{"line":135,"column":4},"end":{"line":135,"column":54}},"61":{"start":{"line":136,"column":4},"end":{"line":136,"column":65}},"62":{"start":{"line":137,"column":4},"end":{"line":137,"column":56}},"63":{"start":{"line":140,"column":2},"end":{"line":144,"column":5}},"64":{"start":{"line":141,"column":4},"end":{"line":141,"column":55}},"65":{"start":{"line":142,"column":4},"end":{"line":142,"column":55}},"66":{"start":{"line":143,"column":4},"end":{"line":143,"column":60}},"67":{"start":{"line":146,"column":2},"end":{"line":151,"column":5}},"68":{"start":{"line":147,"column":4},"end":{"line":147,"column":69}},"69":{"start":{"line":148,"column":4},"end":{"line":148,"column":72}},"70":{"start":{"line":149,"column":4},"end":{"line":149,"column":58}},"71":{"start":{"line":150,"column":4},"end":{"line":150,"column":70}}},"fnMap":{"0":{"name":"(anonymous_0)","decl":{"start":{"line":15,"column":26},"end":{"line":15,"column":27}},"loc":{"start":{"line":15,"column":35},"end":{"line":23,"column":1}},"line":15},"1":{"name":"(anonymous_1)","decl":{"start":{"line":33,"column":34},"end":{"line":33,"column":35}},"loc":{"start":{"line":33,"column":42},"end":{"line":35,"column":1}},"line":33},"2":{"name":"(anonymous_2)","decl":{"start":{"line":40,"column":17},"end":{"line":40,"column":18}},"loc":{"start":{"line":40,"column":28},"end":{"line":55,"column":3}},"line":40},"3":{"name":"(anonymous_3)","decl":{"start":{"line":57,"column":18},"end":{"line":57,"column":19}},"loc":{"start":{"line":57,"column":29},"end":{"line":61,"column":3}},"line":57},"4":{"name":"(anonymous_4)","decl":{"start":{"line":64,"column":18},"end":{"line":64,"column":19}},"loc":{"start":{"line":64,"column":42},"end":{"line":72,"column":3}},"line":64},"5":{"name":"(anonymous_5)","decl":{"start":{"line":75,"column":18},"end":{"line":75,"column":19}},"loc":{"start":{"line":75,"column":35},"end":{"line":77,"column":3}},"line":75},"6":{"name":"(anonymous_6)","decl":{"start":{"line":79,"column":22},"end":{"line":79,"column":23}},"loc":{"start":{"line":79,"column":43},"end":{"line":82,"column":3}},"line":79},"7":{"name":"(anonymous_7)","decl":{"start":{"line":85,"column":30},"end":{"line":85,"column":31}},"loc":{"start":{"line":85,"column":36},"end":{"line":152,"column":1}},"line":85},"8":{"name":"(anonymous_8)","decl":{"start":{"line":86,"column":13},"end":{"line":86,"column":14}},"loc":{"start":{"line":86,"column":19},"end":{"line":103,"column":3}},"line":86},"9":{"name":"(anonymous_9)","decl":{"start":{"line":90,"column":40},"end":{"line":90,"column":41}},"loc":{"start":{"line":90,"column":51},"end":{"line":99,"column":5}},"line":90},"10":{"name":"(anonymous_10)","decl":{"start":{"line":105,"column":44},"end":{"line":105,"column":45}},"loc":{"start":{"line":105,"column":50},"end":{"line":122,"column":3}},"line":105},"11":{"name":"(anonymous_11)","decl":{"start":{"line":124,"column":44},"end":{"line":124,"column":45}},"loc":{"start":{"line":124,"column":50},"end":{"line":131,"column":3}},"line":124},"12":{"name":"(anonymous_12)","decl":{"start":{"line":133,"column":42},"end":{"line":133,"column":43}},"loc":{"start":{"line":133,"column":48},"end":{"line":138,"column":3}},"line":133},"13":{"name":"(anonymous_13)","decl":{"start":{"line":140,"column":43},"end":{"line":140,"column":44}},"loc":{"start":{"line":140,"column":49},"end":{"line":144,"column":3}},"line":140},"14":{"name":"(anonymous_14)","decl":{"start":{"line":146,"column":39},"end":{"line":146,"column":40}},"loc":{"start":{"line":146,"column":45},"end":{"line":151,"column":3}},"line":146}},"branchMap":{"0":{"loc":{"start":{"line":34,"column":9},"end":{"line":34,"column":50}},"type":"binary-expr","locations":[{"start":{"line":34,"column":9},"end":{"line":34,"column":25}},{"start":{"line":34,"column":29},"end":{"line":34,"column":50}}],"line":34},"1":{"loc":{"start":{"line":44,"column":4},"end":{"line":47,"column":5}},"type":"if","locations":[{"start":{"line":44,"column":4},"end":{"line":47,"column":5}},{"start":{},"end":{}}],"line":44},"2":{"loc":{"start":{"line":49,"column":4},"end":{"line":52,"column":5}},"type":"if","locations":[{"start":{"line":49,"column":4},"end":{"line":52,"column":5}},{"start":{},"end":{}}],"line":49},"3":{"loc":{"start":{"line":59,"column":25},"end":{"line":59,"column":80}},"type":"cond-expr","locations":[{"start":{"line":59,"column":61},"end":{"line":59,"column":67}},{"start":{"line":59,"column":70},"end":{"line":59,"column":80}}],"line":59},"4":{"loc":{"start":{"line":65,"column":4},"end":{"line":68,"column":5}},"type":"if","locations":[{"start":{"line":65,"column":4},"end":{"line":68,"column":5}},{"start":{},"end":{}}],"line":65},"5":{"loc":{"start":{"line":65,"column":8},"end":{"line":65,"column":37}},"type":"binary-expr","locations":[{"start":{"line":65,"column":8},"end":{"line":65,"column":19}},{"start":{"line":65,"column":23},"end":{"line":65,"column":37}}],"line":65},"6":{"loc":{"start":{"line":81,"column":11},"end":{"line":81,"column":65}},"type":"binary-expr","locations":[{"start":{"line":81,"column":11},"end":{"line":81,"column":36}},{"start":{"line":81,"column":40},"end":{"line":81,"column":65}}],"line":81}},"s":{"0":1,"1":1,"2":1,"3":4,"4":1,"5":1,"6":10,"7":1,"8":3,"9":3,"10":3,"11":1,"12":1,"13":2,"14":1,"15":1,"16":1,"17":2,"18":2,"19":2,"20":3,"21":2,"22":2,"23":1,"24":3,"25":4,"26":4,"27":1,"28":1,"29":5,"30":5,"31":20,"32":20,"33":20,"34":20,"35":20,"36":20,"37":20,"38":20,"39":5,"40":1,"41":1,"42":1,"43":1,"44":1,"45":1,"46":1,"47":1,"48":1,"49":1,"50":1,"51":1,"52":1,"53":1,"54":1,"55":1,"56":1,"57":1,"58":1,"59":1,"60":1,"61":1,"62":1,"63":1,"64":1,"65":1,"66":1,"67":1,"68":1,"69":1,"70":1,"71":1},"f":{"0":4,"1":10,"2":3,"3":2,"4":3,"5":3,"6":4,"7":1,"8":5,"9":20,"10":1,"11":1,"12":1,"13":1,"14":1},"b":{"0":[10,0],"1":[1,2],"2":[1,1],"3":[1,1],"4":[2,1],"5":[3,2],"6":[4,3]},"_coverageSchema":"1a1c01bbd47fc00a2c39e90264f33305004495a9","hash":"6091fec402c8a1deb22ec54062c5e70982eb2f07"}
,"/Users/thorancherukuru/SIT725_project copy/auth.js": {"path":"/Users/thorancherukuru/SIT725_project copy/auth.js","statementMap":{"0":{"start":{"line":3,"column":4},"end":{"line":3,"column":50}},"1":{"start":{"line":6,"column":22},"end":{"line":6,"column":58}},"2":{"start":{"line":7,"column":24},"end":{"line":7,"column":62}},"3":{"start":{"line":9,"column":4},"end":{"line":12,"column":5}},"4":{"start":{"line":10,"column":8},"end":{"line":10,"column":79}},"5":{"start":{"line":11,"column":8},"end":{"line":11,"column":15}},"6":{"start":{"line":15,"column":4},"end":{"line":15,"column":37}},"7":{"start":{"line":16,"column":4},"end":{"line":16,"column":40}},"8":{"start":{"line":17,"column":4},"end":{"line":17,"column":36}},"9":{"start":{"line":20,"column":17},"end":{"line":20,"column":38}},"10":{"start":{"line":21,"column":4},"end":{"line":21,"column":49}},"11":{"start":{"line":23,"column":4},"end":{"line":41,"column":5}},"12":{"start":{"line":24,"column":8},"end":{"line":24,"column":61}},"13":{"start":{"line":25,"column":8},"end":{"line":25,"column":90}},"14":{"start":{"line":26,"column":8},"end":{"line":26,"column":90}},"15":{"start":{"line":27,"column":8},"end":{"line":27,"column":92}},"16":{"start":{"line":30,"column":26},"end":{"line":30,"column":69}},"17":{"start":{"line":31,"column":8},"end":{"line":34,"column":9}},"18":{"start":{"line":32,"column":12},"end":{"line":32,"column":77}},"19":{"start":{"line":36,"column":8},"end":{"line":36,"column":58}},"20":{"start":{"line":37,"column":8},"end":{"line":37,"column":22}},"21":{"start":{"line":38,"column":8},"end":{"line":38,"column":41}},"22":{"start":{"line":39,"column":8},"end":{"line":39,"column":43}},"23":{"start":{"line":40,"column":8},"end":{"line":40,"column":15}},"24":{"start":{"line":44,"column":4},"end":{"line":143,"column":5}},"25":{"start":{"line":45,"column":8},"end":{"line":45,"column":53}},"26":{"start":{"line":48,"column":25},"end":{"line":56,"column":9}},"27":{"start":{"line":58,"column":8},"end":{"line":66,"column":9}},"28":{"start":{"line":59,"column":28},"end":{"line":59,"column":55}},"29":{"start":{"line":60,"column":12},"end":{"line":65,"column":13}},"30":{"start":{"line":61,"column":16},"end":{"line":61,"column":44}},"31":{"start":{"line":62,"column":16},"end":{"line":62,"column":56}},"32":{"start":{"line":64,"column":16},"end":{"line":64,"column":60}},"33":{"start":{"line":69,"column":31},"end":{"line":69,"column":71}},"34":{"start":{"line":70,"column":8},"end":{"line":84,"column":9}},"35":{"start":{"line":71,"column":12},"end":{"line":71,"column":42}},"36":{"start":{"line":72,"column":12},"end":{"line":83,"column":13}},"37":{"start":{"line":73,"column":16},"end":{"line":78,"column":19}},"38":{"start":{"line":74,"column":34},"end":{"line":74,"column":64}},"39":{"start":{"line":75,"column":20},"end":{"line":75,"column":51}},"40":{"start":{"line":76,"column":20},"end":{"line":76,"column":76}},"41":{"start":{"line":77,"column":20},"end":{"line":77,"column":54}},"42":{"start":{"line":79,"column":16},"end":{"line":79,"column":69}},"43":{"start":{"line":81,"column":16},"end":{"line":81,"column":95}},"44":{"start":{"line":82,"column":16},"end":{"line":82,"column":57}},"45":{"start":{"line":87,"column":29},"end":{"line":87,"column":68}},"46":{"start":{"line":88,"column":8},"end":{"line":136,"column":9}},"47":{"start":{"line":89,"column":12},"end":{"line":89,"column":40}},"48":{"start":{"line":90,"column":24},"end":{"line":90,"column":25}},"49":{"start":{"line":92,"column":12},"end":{"line":114,"column":13}},"50":{"start":{"line":93,"column":16},"end":{"line":103,"column":19}},"51":{"start":{"line":94,"column":20},"end":{"line":94,"column":45}},"52":{"start":{"line":95,"column":32},"end":{"line":95,"column":60}},"53":{"start":{"line":96,"column":20},"end":{"line":101,"column":22}},"54":{"start":{"line":102,"column":20},"end":{"line":102,"column":50}},"55":{"start":{"line":104,"column":16},"end":{"line":104,"column":96}},"56":{"start":{"line":106,"column":16},"end":{"line":112,"column":18}},"57":{"start":{"line":113,"column":16},"end":{"line":113,"column":56}},"58":{"start":{"line":117,"column":34},"end":{"line":122,"column":13}},"59":{"start":{"line":124,"column":12},"end":{"line":129,"column":13}},"60":{"start":{"line":125,"column":32},"end":{"line":125,"column":59}},"61":{"start":{"line":126,"column":16},"end":{"line":128,"column":17}},"62":{"start":{"line":127,"column":20},"end":{"line":127,"column":48}},"63":{"start":{"line":132,"column":35},"end":{"line":132,"column":69}},"64":{"start":{"line":133,"column":12},"end":{"line":135,"column":13}},"65":{"start":{"line":134,"column":16},"end":{"line":134,"column":118}},"66":{"start":{"line":138,"column":8},"end":{"line":138,"column":54}},"67":{"start":{"line":141,"column":8},"end":{"line":141,"column":61}},"68":{"start":{"line":142,"column":8},"end":{"line":142,"column":60}},"69":{"start":{"line":147,"column":4},"end":{"line":147,"column":51}},"70":{"start":{"line":150,"column":4},"end":{"line":153,"column":5}},"71":{"start":{"line":151,"column":8},"end":{"line":151,"column":48}},"72":{"start":{"line":152,"column":8},"end":{"line":152,"column":81}},"73":{"start":{"line":156,"column":4},"end":{"line":159,"column":5}},"74":{"start":{"line":157,"column":8},"end":{"line":157,"column":46}},"75":{"start":{"line":158,"column":8},"end":{"line":158,"column":85}},"76":{"start":{"line":162,"column":4},"end":{"line":165,"column":5}},"77":{"start":{"line":163,"column":8},"end":{"line":163,"column":46}},"78":{"start":{"line":164,"column":8},"end":{"line":164,"column":83}},"79":{"start":{"line":167,"column":4},"end":{"line":167,"column":45}},"80":{"start":{"line":168,"column":4},"end":{"line":168,"column":59}},"81":{"start":{"line":172,"column":4},"end":{"line":172,"column":52}},"82":{"start":{"line":174,"column":26},"end":{"line":174,"column":61}},"83":{"start":{"line":175,"column":23},"end":{"line":175,"column":67}},"84":{"start":{"line":177,"column":4},"end":{"line":180,"column":5}},"85":{"start":{"line":178,"column":8},"end":{"line":178,"column":52}},"86":{"start":{"line":179,"column":8},"end":{"line":179,"column":15}},"87":{"start":{"line":183,"column":4},"end":{"line":195,"column":5}},"88":{"start":{"line":184,"column":8},"end":{"line":184,"column":36}},"89":{"start":{"line":185,"column":8},"end":{"line":187,"column":9}},"90":{"start":{"line":186,"column":12},"end":{"line":186,"column":54}},"91":{"start":{"line":188,"column":8},"end":{"line":188,"column":40}},"92":{"start":{"line":190,"column":8},"end":{"line":190,"column":40}},"93":{"start":{"line":191,"column":8},"end":{"line":193,"column":9}},"94":{"start":{"line":192,"column":12},"end":{"line":192,"column":48}},"95":{"start":{"line":194,"column":8},"end":{"line":194,"column":41}},"96":{"start":{"line":199,"column":4},"end":{"line":199,"column":39}},"97":{"start":{"line":202,"column":4},"end":{"line":202,"column":50}},"98":{"start":{"line":203,"column":4},"end":{"line":203,"column":50}},"99":{"start":{"line":204,"column":4},"end":{"line":204,"column":51}},"100":{"start":{"line":207,"column":22},"end":{"line":207,"column":58}},"101":{"start":{"line":208,"column":24},"end":{"line":208,"column":62}},"102":{"start":{"line":210,"column":4},"end":{"line":210,"column":52}},"103":{"start":{"line":210,"column":19},"end":{"line":210,"column":52}},"104":{"start":{"line":211,"column":4},"end":{"line":211,"column":56}},"105":{"start":{"line":211,"column":21},"end":{"line":211,"column":56}},"106":{"start":{"line":214,"column":22},"end":{"line":214,"column":58}},"107":{"start":{"line":215,"column":4},"end":{"line":215,"column":37}},"108":{"start":{"line":215,"column":19},"end":{"line":215,"column":37}},"109":{"start":{"line":217,"column":4},"end":{"line":217,"column":50}}},"fnMap":{"0":{"name":"showPaymentPage","decl":{"start":{"line":2,"column":9},"end":{"line":2,"column":24}},"loc":{"start":{"line":2,"column":27},"end":{"line":144,"column":1}},"line":2},"1":{"name":"(anonymous_1)","decl":{"start":{"line":73,"column":35},"end":{"line":73,"column":36}},"loc":{"start":{"line":73,"column":43},"end":{"line":78,"column":17}},"line":73},"2":{"name":"(anonymous_2)","decl":{"start":{"line":93,"column":34},"end":{"line":93,"column":35}},"loc":{"start":{"line":93,"column":41},"end":{"line":103,"column":17}},"line":93},"3":{"name":"validateLogin","decl":{"start":{"line":146,"column":9},"end":{"line":146,"column":22}},"loc":{"start":{"line":146,"column":40},"end":{"line":169,"column":1}},"line":146},"4":{"name":"togglePassword","decl":{"start":{"line":171,"column":9},"end":{"line":171,"column":23}},"loc":{"start":{"line":171,"column":26},"end":{"line":196,"column":1}},"line":171},"5":{"name":"logout","decl":{"start":{"line":198,"column":9},"end":{"line":198,"column":15}},"loc":{"start":{"line":198,"column":18},"end":{"line":218,"column":1}},"line":198}},"branchMap":{"0":{"loc":{"start":{"line":9,"column":4},"end":{"line":12,"column":5}},"type":"if","locations":[{"start":{"line":9,"column":4},"end":{"line":12,"column":5}},{"start":{},"end":{}}],"line":9},"1":{"loc":{"start":{"line":9,"column":8},"end":{"line":9,"column":34}},"type":"binary-expr","locations":[{"start":{"line":9,"column":8},"end":{"line":9,"column":18}},{"start":{"line":9,"column":22},"end":{"line":9,"column":34}}],"line":9},"2":{"loc":{"start":{"line":23,"column":4},"end":{"line":41,"column":5}},"type":"if","locations":[{"start":{"line":23,"column":4},"end":{"line":41,"column":5}},{"start":{},"end":{}}],"line":23},"3":{"loc":{"start":{"line":31,"column":8},"end":{"line":34,"column":9}},"type":"if","locations":[{"start":{"line":31,"column":8},"end":{"line":34,"column":9}},{"start":{},"end":{}}],"line":31},"4":{"loc":{"start":{"line":49,"column":45},"end":{"line":49,"column":71}},"type":"binary-expr","locations":[{"start":{"line":49,"column":45},"end":{"line":49,"column":60}},{"start":{"line":49,"column":64},"end":{"line":49,"column":71}}],"line":49},"5":{"loc":{"start":{"line":51,"column":25},"end":{"line":51,"column":51}},"type":"binary-expr","locations":[{"start":{"line":51,"column":25},"end":{"line":51,"column":40}},{"start":{"line":51,"column":44},"end":{"line":51,"column":51}}],"line":51},"6":{"loc":{"start":{"line":60,"column":12},"end":{"line":65,"column":13}},"type":"if","locations":[{"start":{"line":60,"column":12},"end":{"line":65,"column":13}},{"start":{"line":63,"column":19},"end":{"line":65,"column":13}}],"line":60},"7":{"loc":{"start":{"line":70,"column":8},"end":{"line":84,"column":9}},"type":"if","locations":[{"start":{"line":70,"column":8},"end":{"line":84,"column":9}},{"start":{},"end":{}}],"line":70},"8":{"loc":{"start":{"line":72,"column":12},"end":{"line":83,"column":13}},"type":"if","locations":[{"start":{"line":72,"column":12},"end":{"line":83,"column":13}},{"start":{"line":80,"column":19},"end":{"line":83,"column":13}}],"line":72},"9":{"loc":{"start":{"line":72,"column":16},"end":{"line":72,"column":51}},"type":"binary-expr","locations":[{"start":{"line":72,"column":16},"end":{"line":72,"column":26}},{"start":{"line":72,"column":30},"end":{"line":72,"column":51}}],"line":72},"10":{"loc":{"start":{"line":88,"column":8},"end":{"line":136,"column":9}},"type":"if","locations":[{"start":{"line":88,"column":8},"end":{"line":136,"column":9}},{"start":{},"end":{}}],"line":88},"11":{"loc":{"start":{"line":92,"column":12},"end":{"line":114,"column":13}},"type":"if","locations":[{"start":{"line":92,"column":12},"end":{"line":114,"column":13}},{"start":{"line":105,"column":19},"end":{"line":114,"column":13}}],"line":92},"12":{"loc":{"start":{"line":92,"column":16},"end":{"line":92,"column":49}},"type":"binary-expr","locations":[{"start":{"line":92,"column":16},"end":{"line":92,"column":25}},{"start":{"line":92,"column":29},"end":{"line":92,"column":49}}],"line":92},"13":{"loc":{"start":{"line":94,"column":29},"end":{"line":94,"column":44}},"type":"binary-expr","locations":[{"start":{"line":94,"column":29},"end":{"line":94,"column":39}},{"start":{"line":94,"column":43},"end":{"line":94,"column":44}}],"line":94},"14":{"loc":{"start":{"line":97,"column":44},"end":{"line":97,"column":79}},"type":"binary-expr","locations":[{"start":{"line":97,"column":44},"end":{"line":97,"column":59}},{"start":{"line":97,"column":63},"end":{"line":97,"column":79}}],"line":97},"15":{"loc":{"start":{"line":98,"column":44},"end":{"line":98,"column":68}},"type":"binary-expr","locations":[{"start":{"line":98,"column":44},"end":{"line":98,"column":55}},{"start":{"line":98,"column":59},"end":{"line":98,"column":68}}],"line":98},"16":{"loc":{"start":{"line":99,"column":46},"end":{"line":99,"column":61}},"type":"binary-expr","locations":[{"start":{"line":99,"column":46},"end":{"line":99,"column":56}},{"start":{"line":99,"column":60},"end":{"line":99,"column":61}}],"line":99},"17":{"loc":{"start":{"line":100,"column":77},"end":{"line":100,"column":100}},"type":"binary-expr","locations":[{"start":{"line":100,"column":77},"end":{"line":100,"column":87}},{"start":{"line":100,"column":91},"end":{"line":100,"column":100}}],"line":100},"18":{"loc":{"start":{"line":126,"column":16},"end":{"line":128,"column":17}},"type":"if","locations":[{"start":{"line":126,"column":16},"end":{"line":128,"column":17}},{"start":{},"end":{}}],"line":126},"19":{"loc":{"start":{"line":133,"column":12},"end":{"line":135,"column":13}},"type":"if","locations":[{"start":{"line":133,"column":12},"end":{"line":135,"column":13}},{"start":{},"end":{}}],"line":133},"20":{"loc":{"start":{"line":134,"column":45},"end":{"line":134,"column":117}},"type":"cond-expr","locations":[{"start":{"line":134,"column":81},"end":{"line":134,"column":101}},{"start":{"line":134,"column":104},"end":{"line":134,"column":117}}],"line":134},"21":{"loc":{"start":{"line":134,"column":45},"end":{"line":134,"column":78}},"type":"binary-expr","locations":[{"start":{"line":134,"column":45},"end":{"line":134,"column":54}},{"start":{"line":134,"column":58},"end":{"line":134,"column":78}}],"line":134},"22":{"loc":{"start":{"line":150,"column":4},"end":{"line":153,"column":5}},"type":"if","locations":[{"start":{"line":150,"column":4},"end":{"line":153,"column":5}},{"start":{},"end":{}}],"line":150},"23":{"loc":{"start":{"line":150,"column":8},"end":{"line":150,"column":38}},"type":"binary-expr","locations":[{"start":{"line":150,"column":8},"end":{"line":150,"column":14}},{"start":{"line":150,"column":18},"end":{"line":150,"column":38}}],"line":150},"24":{"loc":{"start":{"line":156,"column":4},"end":{"line":159,"column":5}},"type":"if","locations":[{"start":{"line":156,"column":4},"end":{"line":159,"column":5}},{"start":{},"end":{}}],"line":156},"25":{"loc":{"start":{"line":156,"column":8},"end":{"line":156,"column":40}},"type":"binary-expr","locations":[{"start":{"line":156,"column":8},"end":{"line":156,"column":17}},{"start":{"line":156,"column":21},"end":{"line":156,"column":40}}],"line":156},"26":{"loc":{"start":{"line":162,"column":4},"end":{"line":165,"column":5}},"type":"if","locations":[{"start":{"line":162,"column":4},"end":{"line":165,"column":5}},{"start":{},"end":{}}],"line":162},"27":{"loc":{"start":{"line":177,"column":4},"end":{"line":180,"column":5}},"type":"if","locations":[{"start":{"line":177,"column":4},"end":{"line":180,"column":5}},{"start":{},"end":{}}],"line":177},"28":{"loc":{"start":{"line":183,"column":4},"end":{"line":195,"column":5}},"type":"if","locations":[{"start":{"line":183,"column":4},"end":{"line":195,"column":5}},{"start":{"line":189,"column":11},"end":{"line":195,"column":5}}],"line":183},"29":{"loc":{"start":{"line":185,"column":8},"end":{"line":187,"column":9}},"type":"if","locations":[{"start":{"line":185,"column":8},"end":{"line":187,"column":9}},{"start":{},"end":{}}],"line":185},"30":{"loc":{"start":{"line":191,"column":8},"end":{"line":193,"column":9}},"type":"if","locations":[{"start":{"line":191,"column":8},"end":{"line":193,"column":9}},{"start":{},"end":{}}],"line":191},"31":{"loc":{"start":{"line":210,"column":4},"end":{"line":210,"column":52}},"type":"if","locations":[{"start":{"line":210,"column":4},"end":{"line":210,"column":52}},{"start":{},"end":{}}],"line":210},"32":{"loc":{"start":{"line":211,"column":4},"end":{"line":211,"column":56}},"type":"if","locations":[{"start":{"line":211,"column":4},"end":{"line":211,"column":56}},{"start":{},"end":{}}],"line":211},"33":{"loc":{"start":{"line":215,"column":4},"end":{"line":215,"column":37}},"type":"if","locations":[{"start":{"line":215,"column":4},"end":{"line":215,"column":37}},{"start":{},"end":{}}],"line":215}},"s":{"0":0,"1":0,"2":0,"3":0,"4":0,"5":0,"6":0,"7":0,"8":0,"9":0,"10":0,"11":0,"12":0,"13":0,"14":0,"15":0,"16":0,"17":0,"18":0,"19":0,"20":0,"21":0,"22":0,"23":0,"24":0,"25":0,"26":0,"27":0,"28":0,"29":0,"30":0,"31":0,"32":0,"33":0,"34":0,"35":0,"36":0,"37":0,"38":0,"39":0,"40":0,"41":0,"42":0,"43":0,"44":0,"45":0,"46":0,"47":0,"48":0,"49":0,"50":0,"51":0,"52":0,"53":0,"54":0,"55":0,"56":0,"57":0,"58":0,"59":0,"60":0,"61":0,"62":0,"63":0,"64":0,"65":0,"66":0,"67":0,"68":0,"69":0,"70":0,"71":0,"72":0,"73":0,"74":0,"75":0,"76":0,"77":0,"78":0,"79":0,"80":0,"81":0,"82":0,"83":0,"84":0,"85":0,"86":0,"87":0,"88":0,"89":0,"90":0,"91":0,"92":0,"93":0,"94":0,"95":0,"96":0,"97":0,"98":0,"99":0,"100":0,"101":0,"102":0,"103":0,"104":0,"105":0,"106":0,"107":0,"108":0,"109":0},"f":{"0":0,"1":0,"2":0,"3":0,"4":0,"5":0},"b":{"0":[0,0],"1":[0,0],"2":[0,0],"3":[0,0],"4":[0,0],"5":[0,0],"6":[0,0],"7":[0,0],"8":[0,0],"9":[0,0],"10":[0,0],"11":[0,0],"12":[0,0],"13":[0,0],"14":[0,0],"15":[0,0],"16":[0,0],"17":[0,0],"18":[0,0],"19":[0,0],"20":[0,0],"21":[0,0],"22":[0,0],"23":[0,0],"24":[0,0],"25":[0,0],"26":[0,0],"27":[0,0],"28":[0,0],"29":[0,0],"30":[0,0],"31":[0,0],"32":[0,0],"33":[0,0]},"_coverageSchema":"1a1c01bbd47fc00a2c39e90264f33305004495a9","hash":"f7190b64a87de5f1e6870d7ffc2003056893472f"}
,"/Users/thorancherukuru/SIT725_project copy/auth.test.js": {"path":"/Users/thorancherukuru/SIT725_project copy/auth.test.js","statementMap":{"0":{"start":{"line":6,"column":0},"end":{"line":6,"column":25}},"1":{"start":{"line":7,"column":0},"end":{"line":15,"column":2}},"2":{"start":{"line":8,"column":33},"end":{"line":14,"column":3}},"3":{"start":{"line":29,"column":4},"end":{"line":29,"column":31}},"4":{"start":{"line":31,"column":0},"end":{"line":75,"column":3}},"5":{"start":{"line":32,"column":2},"end":{"line":42,"column":5}},"6":{"start":{"line":33,"column":23},"end":{"line":33,"column":49}},"7":{"start":{"line":34,"column":25},"end":{"line":34,"column":44}},"8":{"start":{"line":36,"column":24},"end":{"line":36,"column":63}},"9":{"start":{"line":37,"column":26},"end":{"line":37,"column":68}},"10":{"start":{"line":39,"column":4},"end":{"line":39,"column":43}},"11":{"start":{"line":40,"column":4},"end":{"line":40,"column":46}},"12":{"start":{"line":41,"column":4},"end":{"line":41,"column":58}},"13":{"start":{"line":44,"column":2},"end":{"line":49,"column":5}},"14":{"start":{"line":45,"column":19},"end":{"line":45,"column":69}},"15":{"start":{"line":47,"column":4},"end":{"line":47,"column":39}},"16":{"start":{"line":48,"column":4},"end":{"line":48,"column":52}},"17":{"start":{"line":51,"column":2},"end":{"line":57,"column":5}},"18":{"start":{"line":52,"column":19},"end":{"line":52,"column":74}},"19":{"start":{"line":54,"column":4},"end":{"line":54,"column":38}},"20":{"start":{"line":55,"column":4},"end":{"line":55,"column":53}},"21":{"start":{"line":56,"column":4},"end":{"line":56,"column":46}},"22":{"start":{"line":59,"column":2},"end":{"line":64,"column":5}},"23":{"start":{"line":60,"column":19},"end":{"line":60,"column":77}},"24":{"start":{"line":62,"column":4},"end":{"line":62,"column":39}},"25":{"start":{"line":63,"column":4},"end":{"line":63,"column":64}},"26":{"start":{"line":66,"column":2},"end":{"line":74,"column":5}},"27":{"start":{"line":67,"column":25},"end":{"line":67,"column":47}},"28":{"start":{"line":68,"column":25},"end":{"line":68,"column":47}},"29":{"start":{"line":70,"column":4},"end":{"line":70,"column":64}},"30":{"start":{"line":71,"column":4},"end":{"line":71,"column":53}},"31":{"start":{"line":72,"column":4},"end":{"line":72,"column":58}},"32":{"start":{"line":73,"column":4},"end":{"line":73,"column":54}},"33":{"start":{"line":77,"column":0},"end":{"line":82,"column":3}},"34":{"start":{"line":78,"column":2},"end":{"line":81,"column":5}},"35":{"start":{"line":79,"column":4},"end":{"line":79,"column":52}},"36":{"start":{"line":80,"column":4},"end":{"line":80,"column":52}},"37":{"start":{"line":84,"column":0},"end":{"line":98,"column":3}},"38":{"start":{"line":85,"column":2},"end":{"line":90,"column":5}},"39":{"start":{"line":86,"column":18},"end":{"line":86,"column":57}},"40":{"start":{"line":88,"column":4},"end":{"line":88,"column":32}},"41":{"start":{"line":89,"column":4},"end":{"line":89,"column":37}},"42":{"start":{"line":92,"column":2},"end":{"line":97,"column":5}},"43":{"start":{"line":93,"column":4},"end":{"line":93,"column":54}},"44":{"start":{"line":94,"column":4},"end":{"line":94,"column":55}},"45":{"start":{"line":95,"column":4},"end":{"line":95,"column":53}},"46":{"start":{"line":96,"column":4},"end":{"line":96,"column":56}},"47":{"start":{"line":100,"column":0},"end":{"line":112,"column":3}},"48":{"start":{"line":101,"column":2},"end":{"line":105,"column":5}},"49":{"start":{"line":102,"column":4},"end":{"line":102,"column":77}},"50":{"start":{"line":103,"column":4},"end":{"line":103,"column":50}},"51":{"start":{"line":104,"column":4},"end":{"line":104,"column":59}},"52":{"start":{"line":107,"column":2},"end":{"line":111,"column":5}},"53":{"start":{"line":108,"column":4},"end":{"line":108,"column":51}},"54":{"start":{"line":109,"column":4},"end":{"line":109,"column":46}},"55":{"start":{"line":110,"column":4},"end":{"line":110,"column":44}},"56":{"start":{"line":114,"column":0},"end":{"line":129,"column":3}},"57":{"start":{"line":115,"column":2},"end":{"line":122,"column":5}},"58":{"start":{"line":116,"column":20},"end":{"line":116,"column":65}},"59":{"start":{"line":118,"column":4},"end":{"line":118,"column":35}},"60":{"start":{"line":119,"column":4},"end":{"line":119,"column":49}},"61":{"start":{"line":120,"column":4},"end":{"line":120,"column":68}},"62":{"start":{"line":121,"column":4},"end":{"line":121,"column":42}},"63":{"start":{"line":124,"column":2},"end":{"line":128,"column":5}},"64":{"start":{"line":125,"column":20},"end":{"line":125,"column":66}},"65":{"start":{"line":127,"column":4},"end":{"line":127,"column":31}},"66":{"start":{"line":131,"column":0},"end":{"line":149,"column":3}},"67":{"start":{"line":132,"column":2},"end":{"line":140,"column":5}},"68":{"start":{"line":133,"column":4},"end":{"line":139,"column":7}},"69":{"start":{"line":134,"column":6},"end":{"line":134,"column":46}},"70":{"start":{"line":135,"column":6},"end":{"line":135,"column":49}},"71":{"start":{"line":136,"column":6},"end":{"line":136,"column":45}},"72":{"start":{"line":137,"column":6},"end":{"line":137,"column":43}},"73":{"start":{"line":138,"column":6},"end":{"line":138,"column":57}},"74":{"start":{"line":142,"column":2},"end":{"line":148,"column":5}},"75":{"start":{"line":143,"column":4},"end":{"line":143,"column":51}},"76":{"start":{"line":144,"column":4},"end":{"line":144,"column":52}},"77":{"start":{"line":145,"column":4},"end":{"line":145,"column":59}},"78":{"start":{"line":146,"column":4},"end":{"line":146,"column":53}},"79":{"start":{"line":147,"column":4},"end":{"line":147,"column":55}},"80":{"start":{"line":152,"column":0},"end":{"line":170,"column":3}},"81":{"start":{"line":153,"column":2},"end":{"line":169,"column":5}},"82":{"start":{"line":155,"column":24},"end":{"line":155,"column":79}},"83":{"start":{"line":156,"column":4},"end":{"line":156,"column":43}},"84":{"start":{"line":159,"column":20},"end":{"line":159,"column":61}},"85":{"start":{"line":160,"column":4},"end":{"line":160,"column":35}},"86":{"start":{"line":163,"column":18},"end":{"line":163,"column":53}},"87":{"start":{"line":164,"column":4},"end":{"line":164,"column":32}},"88":{"start":{"line":167,"column":4},"end":{"line":167,"column":58}},"89":{"start":{"line":168,"column":4},"end":{"line":168,"column":65}}},"fnMap":{"0":{"name":"(anonymous_0)","decl":{"start":{"line":8,"column":26},"end":{"line":8,"column":27}},"loc":{"start":{"line":8,"column":33},"end":{"line":14,"column":3}},"line":8},"1":{"name":"(anonymous_1)","decl":{"start":{"line":31,"column":34},"end":{"line":31,"column":35}},"loc":{"start":{"line":31,"column":40},"end":{"line":75,"column":1}},"line":31},"2":{"name":"(anonymous_2)","decl":{"start":{"line":32,"column":56},"end":{"line":32,"column":57}},"loc":{"start":{"line":32,"column":62},"end":{"line":42,"column":3}},"line":32},"3":{"name":"(anonymous_3)","decl":{"start":{"line":44,"column":42},"end":{"line":44,"column":43}},"loc":{"start":{"line":44,"column":48},"end":{"line":49,"column":3}},"line":44},"4":{"name":"(anonymous_4)","decl":{"start":{"line":51,"column":55},"end":{"line":51,"column":56}},"loc":{"start":{"line":51,"column":61},"end":{"line":57,"column":3}},"line":51},"5":{"name":"(anonymous_5)","decl":{"start":{"line":59,"column":46},"end":{"line":59,"column":47}},"loc":{"start":{"line":59,"column":52},"end":{"line":64,"column":3}},"line":59},"6":{"name":"(anonymous_6)","decl":{"start":{"line":66,"column":49},"end":{"line":66,"column":50}},"loc":{"start":{"line":66,"column":55},"end":{"line":74,"column":3}},"line":66},"7":{"name":"(anonymous_7)","decl":{"start":{"line":77,"column":32},"end":{"line":77,"column":33}},"loc":{"start":{"line":77,"column":38},"end":{"line":82,"column":1}},"line":77},"8":{"name":"(anonymous_8)","decl":{"start":{"line":78,"column":44},"end":{"line":78,"column":45}},"loc":{"start":{"line":78,"column":50},"end":{"line":81,"column":3}},"line":78},"9":{"name":"(anonymous_9)","decl":{"start":{"line":84,"column":33},"end":{"line":84,"column":34}},"loc":{"start":{"line":84,"column":39},"end":{"line":98,"column":1}},"line":84},"10":{"name":"(anonymous_10)","decl":{"start":{"line":85,"column":58},"end":{"line":85,"column":59}},"loc":{"start":{"line":85,"column":64},"end":{"line":90,"column":3}},"line":85},"11":{"name":"(anonymous_11)","decl":{"start":{"line":92,"column":41},"end":{"line":92,"column":42}},"loc":{"start":{"line":92,"column":47},"end":{"line":97,"column":3}},"line":92},"12":{"name":"(anonymous_12)","decl":{"start":{"line":100,"column":28},"end":{"line":100,"column":29}},"loc":{"start":{"line":100,"column":34},"end":{"line":112,"column":1}},"line":100},"13":{"name":"(anonymous_13)","decl":{"start":{"line":101,"column":46},"end":{"line":101,"column":47}},"loc":{"start":{"line":101,"column":52},"end":{"line":105,"column":3}},"line":101},"14":{"name":"(anonymous_14)","decl":{"start":{"line":107,"column":46},"end":{"line":107,"column":47}},"loc":{"start":{"line":107,"column":52},"end":{"line":111,"column":3}},"line":107},"15":{"name":"(anonymous_15)","decl":{"start":{"line":114,"column":28},"end":{"line":114,"column":29}},"loc":{"start":{"line":114,"column":34},"end":{"line":129,"column":1}},"line":114},"16":{"name":"(anonymous_16)","decl":{"start":{"line":115,"column":46},"end":{"line":115,"column":47}},"loc":{"start":{"line":115,"column":52},"end":{"line":122,"column":3}},"line":115},"17":{"name":"(anonymous_17)","decl":{"start":{"line":124,"column":54},"end":{"line":124,"column":55}},"loc":{"start":{"line":124,"column":60},"end":{"line":128,"column":3}},"line":124},"18":{"name":"(anonymous_18)","decl":{"start":{"line":131,"column":32},"end":{"line":131,"column":33}},"loc":{"start":{"line":131,"column":38},"end":{"line":149,"column":1}},"line":131},"19":{"name":"(anonymous_19)","decl":{"start":{"line":132,"column":52},"end":{"line":132,"column":53}},"loc":{"start":{"line":132,"column":58},"end":{"line":140,"column":3}},"line":132},"20":{"name":"(anonymous_20)","decl":{"start":{"line":133,"column":25},"end":{"line":133,"column":26}},"loc":{"start":{"line":133,"column":36},"end":{"line":139,"column":5}},"line":133},"21":{"name":"(anonymous_21)","decl":{"start":{"line":142,"column":56},"end":{"line":142,"column":57}},"loc":{"start":{"line":142,"column":62},"end":{"line":148,"column":3}},"line":142},"22":{"name":"(anonymous_22)","decl":{"start":{"line":152,"column":30},"end":{"line":152,"column":31}},"loc":{"start":{"line":152,"column":36},"end":{"line":170,"column":1}},"line":152},"23":{"name":"(anonymous_23)","decl":{"start":{"line":153,"column":41},"end":{"line":153,"column":42}},"loc":{"start":{"line":153,"column":47},"end":{"line":169,"column":3}},"line":153}},"branchMap":{},"s":{"0":1,"1":1,"2":0,"3":1,"4":1,"5":1,"6":1,"7":1,"8":1,"9":1,"10":1,"11":1,"12":1,"13":1,"14":1,"15":1,"16":1,"17":1,"18":1,"19":1,"20":1,"21":1,"22":1,"23":1,"24":1,"25":1,"26":1,"27":1,"28":1,"29":1,"30":1,"31":1,"32":1,"33":1,"34":1,"35":1,"36":1,"37":1,"38":1,"39":1,"40":1,"41":1,"42":1,"43":1,"44":1,"45":1,"46":1,"47":1,"48":1,"49":1,"50":1,"51":1,"52":1,"53":1,"54":1,"55":1,"56":1,"57":1,"58":1,"59":1,"60":1,"61":1,"62":1,"63":1,"64":1,"65":1,"66":1,"67":1,"68":1,"69":2,"70":2,"71":2,"72":2,"73":2,"74":1,"75":1,"76":1,"77":1,"78":1,"79":1,"80":1,"81":1,"82":1,"83":1,"84":1,"85":1,"86":1,"87":1,"88":1,"89":1},"f":{"0":0,"1":1,"2":1,"3":1,"4":1,"5":1,"6":1,"7":1,"8":1,"9":1,"10":1,"11":1,"12":1,"13":1,"14":1,"15":1,"16":1,"17":1,"18":1,"19":1,"20":2,"21":1,"22":1,"23":1},"b":{},"_coverageSchema":"1a1c01bbd47fc00a2c39e90264f33305004495a9","hash":"f50307c78fb4d417957e8cfa50e901b7a70f31fe"}
,"/Users/thorancherukuru/SIT725_project copy/coverage-auth.test.js": {"path":"/Users/thorancherukuru/SIT725_project copy/coverage-auth.test.js","statementMap":{"0":{"start":{"line":8,"column":0},"end":{"line":29,"column":3}},"1":{"start":{"line":10,"column":2},"end":{"line":10,"column":26}},"2":{"start":{"line":13,"column":13},"end":{"line":13,"column":26}},"3":{"start":{"line":14,"column":2},"end":{"line":28,"column":3}},"4":{"start":{"line":15,"column":20},"end":{"line":15,"column":56}},"5":{"start":{"line":16,"column":4},"end":{"line":16,"column":46}},"6":{"start":{"line":19,"column":4},"end":{"line":19,"column":55}},"7":{"start":{"line":24,"column":8},"end":{"line":24,"column":67}},"8":{"start":{"line":25,"column":8},"end":{"line":25,"column":62}},"9":{"start":{"line":27,"column":4},"end":{"line":27,"column":63}}},"fnMap":{"0":{"name":"(anonymous_0)","decl":{"start":{"line":8,"column":25},"end":{"line":8,"column":26}},"loc":{"start":{"line":8,"column":31},"end":{"line":29,"column":1}},"line":8}},"branchMap":{"0":{"loc":{"start":{"line":14,"column":2},"end":{"line":28,"column":3}},"type":"if","locations":[{"start":{"line":14,"column":2},"end":{"line":28,"column":3}},{"start":{"line":26,"column":9},"end":{"line":28,"column":3}}],"line":14}},"s":{"0":1,"1":1,"2":1,"3":1,"4":1,"5":1,"6":1,"7":1,"8":1,"9":0},"f":{"0":1},"b":{"0":[1,0]},"_coverageSchema":"1a1c01bbd47fc00a2c39e90264f33305004495a9","hash":"a4003eb6db3de6cd987d0c12675304a8f6226d98"}
,"/Users/thorancherukuru/SIT725_project copy/coverage-database.test.js": {"path":"/Users/thorancherukuru/SIT725_project copy/coverage-database.test.js","statementMap":{"0":{"start":{"line":8,"column":0},"end":{"line":29,"column":3}},"1":{"start":{"line":10,"column":2},"end":{"line":10,"column":26}},"2":{"start":{"line":13,"column":13},"end":{"line":13,"column":26}},"3":{"start":{"line":14,"column":2},"end":{"line":28,"column":3}},"4":{"start":{"line":15,"column":20},"end":{"line":15,"column":60}},"5":{"start":{"line":16,"column":4},"end":{"line":16,"column":46}},"6":{"start":{"line":19,"column":4},"end":{"line":19,"column":55}},"7":{"start":{"line":24,"column":8},"end":{"line":24,"column":70}},"8":{"start":{"line":25,"column":8},"end":{"line":25,"column":57}},"9":{"start":{"line":27,"column":4},"end":{"line":27,"column":67}}},"fnMap":{"0":{"name":"(anonymous_0)","decl":{"start":{"line":8,"column":29},"end":{"line":8,"column":30}},"loc":{"start":{"line":8,"column":35},"end":{"line":29,"column":1}},"line":8}},"branchMap":{"0":{"loc":{"start":{"line":14,"column":2},"end":{"line":28,"column":3}},"type":"if","locations":[{"start":{"line":14,"column":2},"end":{"line":28,"column":3}},{"start":{"line":26,"column":9},"end":{"line":28,"column":3}}],"line":14}},"s":{"0":1,"1":1,"2":1,"3":1,"4":1,"5":1,"6":1,"7":1,"8":1,"9":0},"f":{"0":1},"b":{"0":[1,0]},"_coverageSchema":"1a1c01bbd47fc00a2c39e90264f33305004495a9","hash":"d39ecf23cb1dc537baaea0ef95d2cdaad950984b"}
,"/Users/thorancherukuru/SIT725_project copy/coverage-globe.test.js": {"path":"/Users/thorancherukuru/SIT725_project copy/coverage-globe.test.js","statementMap":{"0":{"start":{"line":8,"column":0},"end":{"line":29,"column":3}},"1":{"start":{"line":10,"column":2},"end":{"line":10,"column":26}},"2":{"start":{"line":13,"column":13},"end":{"line":13,"column":26}},"3":{"start":{"line":14,"column":2},"end":{"line":28,"column":3}},"4":{"start":{"line":15,"column":20},"end":{"line":15,"column":57}},"5":{"start":{"line":16,"column":4},"end":{"line":16,"column":46}},"6":{"start":{"line":19,"column":4},"end":{"line":19,"column":55}},"7":{"start":{"line":24,"column":8},"end":{"line":24,"column":56}},"8":{"start":{"line":25,"column":8},"end":{"line":25,"column":57}},"9":{"start":{"line":27,"column":4},"end":{"line":27,"column":64}}},"fnMap":{"0":{"name":"(anonymous_0)","decl":{"start":{"line":8,"column":26},"end":{"line":8,"column":27}},"loc":{"start":{"line":8,"column":32},"end":{"line":29,"column":1}},"line":8}},"branchMap":{"0":{"loc":{"start":{"line":14,"column":2},"end":{"line":28,"column":3}},"type":"if","locations":[{"start":{"line":14,"column":2},"end":{"line":28,"column":3}},{"start":{"line":26,"column":9},"end":{"line":28,"column":3}}],"line":14}},"s":{"0":1,"1":1,"2":1,"3":1,"4":1,"5":1,"6":1,"7":1,"8":1,"9":0},"f":{"0":1},"b":{"0":[1,0]},"_coverageSchema":"1a1c01bbd47fc00a2c39e90264f33305004495a9","hash":"0e0c6436aa9ee64d8df7f0800ddcedcc3410a655"}
,"/Users/thorancherukuru/SIT725_project copy/coverage-server.test.js": {"path":"/Users/thorancherukuru/SIT725_project copy/coverage-server.test.js","statementMap":{"0":{"start":{"line":8,"column":0},"end":{"line":29,"column":3}},"1":{"start":{"line":10,"column":2},"end":{"line":10,"column":26}},"2":{"start":{"line":13,"column":13},"end":{"line":13,"column":26}},"3":{"start":{"line":14,"column":2},"end":{"line":28,"column":3}},"4":{"start":{"line":15,"column":20},"end":{"line":15,"column":58}},"5":{"start":{"line":16,"column":4},"end":{"line":16,"column":46}},"6":{"start":{"line":19,"column":4},"end":{"line":19,"column":55}},"7":{"start":{"line":24,"column":8},"end":{"line":24,"column":67}},"8":{"start":{"line":25,"column":8},"end":{"line":25,"column":53}},"9":{"start":{"line":27,"column":4},"end":{"line":27,"column":65}}},"fnMap":{"0":{"name":"(anonymous_0)","decl":{"start":{"line":8,"column":27},"end":{"line":8,"column":28}},"loc":{"start":{"line":8,"column":33},"end":{"line":29,"column":1}},"line":8}},"branchMap":{"0":{"loc":{"start":{"line":14,"column":2},"end":{"line":28,"column":3}},"type":"if","locations":[{"start":{"line":14,"column":2},"end":{"line":28,"column":3}},{"start":{"line":26,"column":9},"end":{"line":28,"column":3}}],"line":14}},"s":{"0":1,"1":1,"2":1,"3":1,"4":1,"5":1,"6":1,"7":1,"8":1,"9":0},"f":{"0":1},"b":{"0":[1,0]},"_coverageSchema":"1a1c01bbd47fc00a2c39e90264f33305004495a9","hash":"cbf08ff5a8538a46aca7be4bc48202ab2cca6eb8"}
,"/Users/thorancherukuru/SIT725_project copy/coverage-setup.js": {"path":"/Users/thorancherukuru/SIT725_project copy/coverage-setup.js","statementMap":{"0":{"start":{"line":2,"column":11},"end":{"line":2,"column":24}},"1":{"start":{"line":4,"column":0},"end":{"line":4,"column":53}},"2":{"start":{"line":7,"column":21},"end":{"line":7,"column":72}},"3":{"start":{"line":9,"column":0},"end":{"line":77,"column":3}},"4":{"start":{"line":10,"column":2},"end":{"line":76,"column":3}},"5":{"start":{"line":11,"column":25},"end":{"line":11,"column":70}},"6":{"start":{"line":13,"column":34},"end":{"line":13,"column":36}},"7":{"start":{"line":15,"column":4},"end":{"line":42,"column":5}},"8":{"start":{"line":17,"column":8},"end":{"line":20,"column":65}},"9":{"start":{"line":21,"column":8},"end":{"line":21,"column":14}},"10":{"start":{"line":23,"column":8},"end":{"line":26,"column":59}},"11":{"start":{"line":27,"column":8},"end":{"line":27,"column":14}},"12":{"start":{"line":29,"column":8},"end":{"line":32,"column":55}},"13":{"start":{"line":33,"column":8},"end":{"line":33,"column":14}},"14":{"start":{"line":35,"column":8},"end":{"line":38,"column":59}},"15":{"start":{"line":39,"column":8},"end":{"line":39,"column":14}},"16":{"start":{"line":41,"column":8},"end":{"line":41,"column":37}},"17":{"start":{"line":44,"column":24},"end":{"line":70,"column":1}},"18":{"start":{"line":72,"column":4},"end":{"line":72,"column":48}},"19":{"start":{"line":73,"column":4},"end":{"line":73,"column":55}},"20":{"start":{"line":75,"column":4},"end":{"line":75,"column":54}},"21":{"start":{"line":79,"column":0},"end":{"line":79,"column":59}}},"fnMap":{"0":{"name":"(anonymous_0)","decl":{"start":{"line":9,"column":21},"end":{"line":9,"column":22}},"loc":{"start":{"line":9,"column":29},"end":{"line":77,"column":1}},"line":9}},"branchMap":{"0":{"loc":{"start":{"line":10,"column":2},"end":{"line":76,"column":3}},"type":"if","locations":[{"start":{"line":10,"column":2},"end":{"line":76,"column":3}},{"start":{"line":74,"column":9},"end":{"line":76,"column":3}}],"line":10},"1":{"loc":{"start":{"line":15,"column":4},"end":{"line":42,"column":5}},"type":"switch","locations":[{"start":{"line":16,"column":6},"end":{"line":21,"column":14}},{"start":{"line":22,"column":6},"end":{"line":27,"column":14}},{"start":{"line":28,"column":6},"end":{"line":33,"column":14}},{"start":{"line":34,"column":6},"end":{"line":39,"column":14}},{"start":{"line":40,"column":6},"end":{"line":41,"column":37}}],"line":15}},"s":{"0":0,"1":0,"2":0,"3":0,"4":0,"5":0,"6":0,"7":0,"8":0,"9":0,"10":0,"11":0,"12":0,"13":0,"14":0,"15":0,"16":0,"17":0,"18":0,"19":0,"20":0,"21":0},"f":{"0":0},"b":{"0":[0,0],"1":[0,0,0,0,0]}}
[...]
umn":2},"end":{"line":48,"column":5}},"8":{"start":{"line":23,"column":32},"end":{"line":23,"column":40}},"9":{"start":{"line":25,"column":17},"end":{"line":25,"column":51}},"10":{"start":{"line":27,"column":4},"end":{"line":47,"column":5}},"11":{"start":{"line":28,"column":6},"end":{"line":44,"column":9}},"12":{"start":{"line":46,"column":6},"end":{"line":46,"column":77}},"13":{"start":{"line":50,"column":2},"end":{"line":64,"column":5}},"14":{"start":{"line":51,"column":31},"end":{"line":51,"column":39}},"15":{"start":{"line":53,"column":4},"end":{"line":55,"column":5}},"16":{"start":{"line":54,"column":6},"end":{"line":54,"column":79}},"17":{"start":{"line":57,"column":4},"end":{"line":63,"column":7}},"18":{"start":{"line":66,"column":2},"end":{"line":66,"column":13}},"19":{"start":{"line":69,"column":0},"end":{"line":149,"column":3}},"20":{"start":{"line":72,"column":2},"end":{"line":74,"column":5}},"21":{"start":{"line":73,"column":4},"end":{"line":73,"column":29}},"22":{"start":{"line":76,"column":2},"end":{"line":101,"column":5}},"23":{"start":{"line":77,"column":20},"end":{"line":82,"column":5}},"24":{"start":{"line":84,"column":20},"end":{"line":87,"column":5}},"25":{"start":{"line":86,"column":28},"end":{"line":86,"column":35}},"26":{"start":{"line":90,"column":4},"end":{"line":95,"column":7}},"27":{"start":{"line":91,"column":6},"end":{"line":94,"column":7}},"28":{"start":{"line":92,"column":24},"end":{"line":92,"column":51}},"29":{"start":{"line":93,"column":8},"end":{"line":93,"column":34}},"30":{"start":{"line":97,"column":4},"end":{"line":97,"column":44}},"31":{"start":{"line":98,"column":21},"end":{"line":98,"column":50}},"32":{"start":{"line":99,"column":4},"end":{"line":99,"column":40}},"33":{"start":{"line":100,"column":4},"end":{"line":100,"column":55}},"34":{"start":{"line":103,"column":2},"end":{"line":125,"column":5}},"35":{"start":{"line":104,"column":20},"end":{"line":109,"column":5}},"36":{"start":{"line":111,"column":20},"end":{"line":114,"column":5}},"37":{"start":{"line":113,"column":28},"end":{"line":113,"column":35}},"38":{"start":{"line":117,"column":4},"end":{"line":122,"column":7}},"39":{"start":{"line":118,"column":6},"end":{"line":121,"column":7}},"40":{"start":{"line":119,"column":24},"end":{"line":119,"column":51}},"41":{"start":{"line":120,"column":8},"end":{"line":120,"column":34}},"42":{"start":{"line":124,"column":4},"end":{"line":124,"column":53}},"43":{"start":{"line":127,"column":2},"end":{"line":148,"column":5}},"44":{"start":{"line":128,"column":20},"end":{"line":133,"column":5}},"45":{"start":{"line":135,"column":20},"end":{"line":138,"column":5}},"46":{"start":{"line":137,"column":28},"end":{"line":137,"column":35}},"47":{"start":{"line":140,"column":4},"end":{"line":145,"column":7}},"48":{"start":{"line":141,"column":6},"end":{"line":144,"column":7}},"49":{"start":{"line":142,"column":24},"end":{"line":142,"column":51}},"50":{"start":{"line":143,"column":8},"end":{"line":143,"column":34}},"51":{"start":{"line":147,"column":4},"end":{"line":147,"column":53}},"52":{"start":{"line":151,"column":0},"end":{"line":163,"column":3}},"53":{"start":{"line":152,"column":2},"end":{"line":156,"column":5}},"54":{"start":{"line":153,"column":20},"end":{"line":153,"column":59}},"55":{"start":{"line":154,"column":4},"end":{"line":154,"column":63}},"56":{"start":{"line":155,"column":4},"end":{"line":155,"column":42}},"57":{"start":{"line":158,"column":2},"end":{"line":162,"column":5}},"58":{"start":{"line":159,"column":22},"end":{"line":159,"column":60}},"59":{"start":{"line":160,"column":4},"end":{"line":160,"column":51}},"60":{"start":{"line":161,"column":4},"end":{"line":161,"column":50}}},"fnMap":{"0":{"name":"(anonymous_0)","decl":{"start":{"line":5,"column":25},"end":{"line":5,"column":26}},"loc":{"start":{"line":5,"column":31},"end":{"line":67,"column":1}},"line":5},"1":{"name":"(anonymous_1)","decl":{"start":{"line":16,"column":20},"end":{"line":16,"column":21}},"loc":{"start":{"line":16,"column":36},"end":{"line":18,"column":5}},"line":16},"2":{"name":"(anonymous_2)","decl":{"start":{"line":17,"column":29},"end":{"line":17,"column":30}},"loc":{"start":{"line":17,"column":37},"end":{"line":17,"column":57}},"line":17},"3":{"name":"(anonymous_3)","decl":{"start":{"line":22,"column":25},"end":{"line":22,"column":26}},"loc":{"start":{"line":22,"column":39},"end":{"line":48,"column":3}},"line":22},"4":{"name":"(anonymous_4)","decl":{"start":{"line":50,"column":27},"end":{"line":50,"column":28}},"loc":{"start":{"line":50,"column":41},"end":{"line":64,"column":3}},"line":50},"5":{"name":"(anonymous_5)","decl":{"start":{"line":69,"column":29},"end":{"line":69,"column":30}},"loc":{"start":{"line":69,"column":35},"end":{"line":149,"column":1}},"line":69},"6":{"name":"(anonymous_6)","decl":{"start":{"line":72,"column":13},"end":{"line":72,"column":14}},"loc":{"start":{"line":72,"column":19},"end":{"line":74,"column":3}},"line":72},"7":{"name":"(anonymous_7)","decl":{"start":{"line":76,"column":53},"end":{"line":76,"column":54}},"loc":{"start":{"line":76,"column":59},"end":{"line":101,"column":3}},"line":76},"8":{"name":"(anonymous_8)","decl":{"start":{"line":86,"column":22},"end":{"line":86,"column":23}},"loc":{"start":{"line":86,"column":28},"end":{"line":86,"column":35}},"line":86},"9":{"name":"(anonymous_9)","decl":{"start":{"line":90,"column":30},"end":{"line":90,"column":31}},"loc":{"start":{"line":90,"column":39},"end":{"line":95,"column":5}},"line":90},"10":{"name":"(anonymous_10)","decl":{"start":{"line":103,"column":50},"end":{"line":103,"column":51}},"loc":{"start":{"line":103,"column":56},"end":{"line":125,"column":3}},"line":103},"11":{"name":"(anonymous_11)","decl":{"start":{"line":113,"column":22},"end":{"line":113,"column":23}},"loc":{"start":{"line":113,"column":28},"end":{"line":113,"column":35}},"line":113},"12":{"name":"(anonymous_12)","decl":{"start":{"line":117,"column":30},"end":{"line":117,"column":31}},"loc":{"start":{"line":117,"column":39},"end":{"line":122,"column":5}},"line":117},"13":{"name":"(anonymous_13)","decl":{"start":{"line":127,"column":50},"end":{"line":127,"column":51}},"loc":{"start":{"line":127,"column":56},"end":{"line":148,"column":3}},"line":127},"14":{"name":"(anonymous_14)","decl":{"start":{"line":137,"column":22},"end":{"line":137,"column":23}},"loc":{"start":{"line":137,"column":28},"end":{"line":137,"column":35}},"line":137},"15":{"name":"(anonymous_15)","decl":{"start":{"line":140,"column":30},"end":{"line":140,"column":31}},"loc":{"start":{"line":140,"column":39},"end":{"line":145,"column":5}},"line":140},"16":{"name":"(anonymous_16)","decl":{"start":{"line":151,"column":27},"end":{"line":151,"column":28}},"loc":{"start":{"line":151,"column":33},"end":{"line":163,"column":1}},"line":151},"17":{"name":"(anonymous_17)","decl":{"start":{"line":152,"column":62},"end":{"line":152,"column":63}},"loc":{"start":{"line":152,"column":68},"end":{"line":156,"column":3}},"line":152},"18":{"name":"(anonymous_18)","decl":{"start":{"line":158,"column":46},"end":{"line":158,"column":47}},"loc":{"start":{"line":158,"column":52},"end":{"line":162,"column":3}},"line":158}},"branchMap":{"0":{"loc":{"start":{"line":27,"column":4},"end":{"line":47,"column":5}},"type":"if","locations":[{"start":{"line":27,"column":4},"end":{"line":47,"column":5}},{"start":{"line":45,"column":11},"end":{"line":47,"column":5}}],"line":27},"1":{"loc":{"start":{"line":27,"column":8},"end":{"line":27,"column":42}},"type":"binary-expr","locations":[{"start":{"line":27,"column":8},"end":{"line":27,"column":12}},{"start":{"line":27,"column":16},"end":{"line":27,"column":42}}],"line":27},"2":{"loc":{"start":{"line":53,"column":4},"end":{"line":55,"column":5}},"type":"if","locations":[{"start":{"line":53,"column":4},"end":{"line":55,"column":5}},{"start":{},"end":{}}],"line":53},"3":{"loc":{"start":{"line":91,"column":6},"end":{"line":94,"column":7}},"type":"if","locations":[{"start":{"line":91,"column":6},"end":{"line":94,"column":7}},{"start":{},"end":{}}],"line":91},"4":{"loc":{"start":{"line":91,"column":10},"end":{"line":91,"column":86}},"type":"binary-expr","locations":[{"start":{"line":91,"column":10},"end":{"line":91,"column":21}},{"start":{"line":91,"column":25},"end":{"line":91,"column":58}},{"start":{"line":91,"column":62},"end":{"line":91,"column":86}}],"line":91},"5":{"loc":{"start":{"line":118,"column":6},"end":{"line":121,"column":7}},"type":"if","locations":[{"start":{"line":118,"column":6},"end":{"line":121,"column":7}},{"start":{},"end":{}}],"line":118},"6":{"loc":{"start":{"line":118,"column":10},"end":{"line":118,"column":88}},"type":"binary-expr","locations":[{"start":{"line":118,"column":10},"end":{"line":118,"column":21}},{"start":{"line":118,"column":25},"end":{"line":118,"column":60}},{"start":{"line":118,"column":64},"end":{"line":118,"column":88}}],"line":118},"7":{"loc":{"start":{"line":141,"column":6},"end":{"line":144,"column":7}},"type":"if","locations":[{"start":{"line":141,"column":6},"end":{"line":144,"column":7}},{"start":{},"end":{}}],"line":141},"8":{"loc":{"start":{"line":141,"column":10},"end":{"line":141,"column":86}},"type":"binary-expr","locations":[{"start":{"line":141,"column":10},"end":{"line":141,"column":21}},{"start":{"line":141,"column":25},"end":{"line":141,"column":58}},{"start":{"line":141,"column":62},"end":{"line":141,"column":86}}],"line":141}},"s":{"0":1,"1":1,"2":3,"3":3,"4":3,"5":2,"6":3,"7":3,"8":2,"9":2,"10":2,"11":1,"12":1,"13":3,"14":1,"15":1,"16":1,"17":0,"18":3,"19":1,"20":1,"21":3,"22":1,"23":1,"24":1,"25":0,"26":1,"27":5,"28":1,"29":1,"30":1,"31":1,"32":1,"33":1,"34":1,"35":1,"36":1,"37":1,"38":1,"39":5,"40":1,"41":1,"42":1,"43":1,"44":1,"45":1,"46":1,"47":1,"48":5,"49":1,"50":1,"51":1,"52":1,"53":1,"54":1,"55":1,"56":1,"57":1,"58":1,"59":1,"60":1},"f":{"0":3,"1":2,"2":3,"3":2,"4":1,"5":1,"6":3,"7":1,"8":0,"9":5,"10":1,"11":1,"12":5,"13":1,"14":1,"15":5,"16":1,"17":1,"18":1},"b":{"0":[1,1],"1":[2,1],"2":[1,0],"3":[1,4],"4":[5,2,1],"5":[1,4],"6":[5,2,1],"7":[1,4],"8":[5,2,1]},"_coverageSchema":"1a1c01bbd47fc00a2c39e90264f33305004495a9","hash":"27dfd61b5ea4093428ac7b411e77f8e86cba8cee"}
,"/Users/thorancherukuru/SIT725_project copy/student.test.js": {"path":"/Users/thorancherukuru/SIT725_project copy/student.test.js","statementMap":{"0":{"start":{"line":5,"column":6},"end":{"line":5,"column":33}},"1":{"start":{"line":7,"column":2},"end":{"line":70,"column":5}},"2":{"start":{"line":8,"column":4},"end":{"line":16,"column":7}},"3":{"start":{"line":9,"column":6},"end":{"line":15,"column":9}},"4":{"start":{"line":10,"column":24},"end":{"line":10,"column":56}},"5":{"start":{"line":11,"column":8},"end":{"line":11,"column":39}},"6":{"start":{"line":12,"column":8},"end":{"line":12,"column":48}},"7":{"start":{"line":13,"column":8},"end":{"line":13,"column":44}},"8":{"start":{"line":14,"column":8},"end":{"line":14,"column":50}},"9":{"start":{"line":18,"column":4},"end":{"line":27,"column":7}},"10":{"start":{"line":19,"column":22},"end":{"line":19,"column":67}},"11":{"start":{"line":21,"column":6},"end":{"line":21,"column":54}},"12":{"start":{"line":22,"column":6},"end":{"line":22,"column":58}},"13":{"start":{"line":23,"column":6},"end":{"line":23,"column":54}},"14":{"start":{"line":24,"column":6},"end":{"line":24,"column":55}},"15":{"start":{"line":25,"column":6},"end":{"line":25,"column":53}},"16":{"start":{"line":26,"column":6},"end":{"line":26,"column":69}},"17":{"start":{"line":29,"column":4},"end":{"line":42,"column":7}},"18":{"start":{"line":30,"column":32},"end":{"line":36,"column":7}},"19":{"start":{"line":38,"column":6},"end":{"line":41,"column":9}},"20":{"start":{"line":39,"column":24},"end":{"line":39,"column":48}},"21":{"start":{"line":40,"column":8},"end":{"line":40,"column":35}},"22":{"start":{"line":44,"column":4},"end":{"line":54,"column":7}},"23":{"start":{"line":45,"column":22},"end":{"line":45,"column":67}},"24":{"start":{"line":47,"column":6},"end":{"line":47,"column":54}},"25":{"start":{"line":48,"column":6},"end":{"line":48,"column":54}},"26":{"start":{"line":50,"column":6},"end":{"line":53,"column":9}},"27":{"start":{"line":51,"column":8},"end":{"line":51,"column":43}},"28":{"start":{"line":52,"column":8},"end":{"line":52,"column":47}},"29":{"start":{"line":56,"column":4},"end":{"line":69,"column":7}},"30":{"start":{"line":57,"column":22},"end":{"line":57,"column":67}},"31":{"start":{"line":59,"column":6},"end":{"line":59,"column":53}},"32":{"start":{"line":61,"column":6},"end":{"line":68,"column":9}},"33":{"start":{"line":62,"column":8},"end":{"line":62,"column":50}},"34":{"start":{"line":63,"column":8},"end":{"line":63,"column":45}},"35":{"start":{"line":64,"column":8},"end":{"line":64,"column":46}},"36":{"start":{"line":65,"column":8},"end":{"line":65,"column":45}},"37":{"start":{"line":66,"column":8},"end":{"line":66,"column":49}},"38":{"start":{"line":67,"column":8},"end":{"line":67,"column":46}}},"fnMap":{"0":{"name":"(anonymous_0)","decl":{"start":{"line":7,"column":33},"end":{"line":7,"column":34}},"loc":{"start":{"line":7,"column":39},"end":{"line":70,"column":3}},"line":7},"1":{"name":"(anonymous_1)","decl":{"start":{"line":8,"column":67},"end":{"line":8,"column":68}},"loc":{"start":{"line":8,"column":73},"end":{"line":16,"column":5}},"line":8},"2":{"name":"(anonymous_2)","decl":{"start":{"line":9,"column":27},"end":{"line":9,"column":28}},"loc":{"start":{"line":9,"column":38},"end":{"line":15,"column":7}},"line":9},"3":{"name":"(anonymous_3)","decl":{"start":{"line":18,"column":60},"end":{"line":18,"column":61}},"loc":{"start":{"line":18,"column":66},"end":{"line":27,"column":5}},"line":18},"4":{"name":"(anonymous_4)","decl":{"start":{"line":29,"column":59},"end":{"line":29,"column":60}},"loc":{"start":{"line":29,"column":65},"end":{"line":42,"column":5}},"line":29},"5":{"name":"(anonymous_5)","decl":{"start":{"line":38,"column":32},"end":{"line":38,"column":33}},"loc":{"start":{"line":38,"column":41},"end":{"line":41,"column":7}},"line":38},"6":{"name":"(anonymous_6)","decl":{"start":{"line":44,"column":56},"end":{"line":44,"column":57}},"loc":{"start":{"line":44,"column":62},"end":{"line":54,"column":5}},"line":44},"7":{"name":"(anonymous_7)","decl":{"start":{"line":50,"column":28},"end":{"line":50,"column":29}},"loc":{"start":{"line":50,"column":36},"end":{"line":53,"column":7}},"line":50},"8":{"name":"(anonymous_8)","decl":{"start":{"line":56,"column":44},"end":{"line":56,"column":45}},"loc":{"start":{"line":56,"column":50},"end":{"line":69,"column":5}},"line":56},"9":{"name":"(anonymous_9)","decl":{"start":{"line":61,"column":27},"end":{"line":61,"column":28}},"loc":{"start":{"line":61,"column":34},"end":{"line":68,"column":7}},"line":61}},"branchMap":{},"s":{"0":1,"1":1,"2":1,"3":1,"4":2,"5":2,"6":2,"7":2,"8":2,"9":1,"10":1,"11":1,"12":1,"13":1,"14":1,"15":1,"16":1,"17":1,"18":1,"19":1,"20":5,"21":5,"22":1,"23":1,"24":1,"25":1,"26":1,"27":3,"28":3,"29":1,"30":1,"31":1,"32":1,"33":2,"34":2,"35":2,"36":2,"37":2,"38":2},"f":{"0":1,"1":1,"2":2,"3":1,"4":1,"5":5,"6":1,"7":3,"8":1,"9":2},"b":{},"_coverageSchema":"1a1c01bbd47fc00a2c39e90264f33305004495a9","hash":"eca543b25c97f7e03655abc6b1bc31a62e690b67"}
,"/Users/thorancherukuru/SIT725_project copy/test-setup.js": {"path":"/Users/thorancherukuru/SIT725_project copy/test-setup.js","statementMap":{"0":{"start":{"line":4,"column":27},"end":{"line":4,"column":38}},"1":{"start":{"line":5,"column":29},"end":{"line":5,"column":42}},"2":{"start":{"line":7,"column":0},"end":{"line":13,"column":3}},"3":{"start":{"line":9,"column":2},"end":{"line":12,"column":3}},"4":{"start":{"line":10,"column":4},"end":{"line":10,"column":28}},"5":{"start":{"line":11,"column":4},"end":{"line":11,"column":30}},"6":{"start":{"line":15,"column":0},"end":{"line":19,"column":3}},"7":{"start":{"line":17,"column":2},"end":{"line":17,"column":35}},"8":{"start":{"line":18,"column":2},"end":{"line":18,"column":39}}},"fnMap":{"0":{"name":"(anonymous_0)","decl":{"start":{"line":7,"column":10},"end":{"line":7,"column":11}},"loc":{"start":{"line":7,"column":16},"end":{"line":13,"column":1}},"line":7},"1":{"name":"(anonymous_1)","decl":{"start":{"line":15,"column":9},"end":{"line":15,"column":10}},"loc":{"start":{"line":15,"column":15},"end":{"line":19,"column":1}},"line":15}},"branchMap":{"0":{"loc":{"start":{"line":9,"column":2},"end":{"line":12,"column":3}},"type":"if","locations":[{"start":{"line":9,"column":2},"end":{"line":12,"column":3}},{"start":{},"end":{}}],"line":9}},"s":{"0":24,"1":24,"2":24,"3":24,"4":24,"5":24,"6":24,"7":24,"8":24},"f":{"0":24,"1":24},"b":{"0":[24,0]},"_coverageSchema":"1a1c01bbd47fc00a2c39e90264f33305004495a9","hash":"b8f6305aa5c6ee1c02feafb06ba58d35ea80665d"}
,"/Users/thorancherukuru/SIT725_project copy/wrapper.test.js": {"path":"/Users/thorancherukuru/SIT725_project copy/wrapper.test.js","statementMap":{"0":{"start":{"line":5,"column":97},"end":{"line":5,"column":126}},"1":{"start":{"line":7,"column":0},"end":{"line":41,"column":3}},"2":{"start":{"line":8,"column":2},"end":{"line":12,"column":5}},"3":{"start":{"line":9,"column":4},"end":{"line":9,"column":54}},"4":{"start":{"line":10,"column":4},"end":{"line":10,"column":62}},"5":{"start":{"line":11,"column":4},"end":{"line":11,"column":57}},"6":{"start":{"line":14,"column":2},"end":{"line":17,"column":5}},"7":{"start":{"line":15,"column":19},"end":{"line":15,"column":88}},"8":{"start":{"line":16,"column":4},"end":{"line":16,"column":38}},"9":{"start":{"line":19,"column":2},"end":{"line":23,"column":5}},"10":{"start":{"line":20,"column":17},"end":{"line":20,"column":51}},"11":{"start":{"line":21,"column":18},"end":{"line":21,"column":59}},"12":{"start":{"line":22,"column":4},"end":{"line":22,"column":28}},"13":{"start":{"line":25,"column":2},"end":{"line":28,"column":5}},"14":{"start":{"line":26,"column":22},"end":{"line":26,"column":72}},"15":{"start":{"line":27,"column":4},"end":{"line":27,"column":50}},"16":{"start":{"line":30,"column":2},"end":{"line":40,"column":5}},"17":{"start":{"line":31,"column":24},"end":{"line":31,"column":40}},"18":{"start":{"line":32,"column":22},"end":{"line":32,"column":42}},"19":{"start":{"line":33,"column":26},"end":{"line":33,"column":44}},"20":{"start":{"line":34,"column":25},"end":{"line":34,"column":42}},"21":{"start":{"line":36,"column":4},"end":{"line":36,"column":50}},"22":{"start":{"line":37,"column":4},"end":{"line":37,"column":48}},"23":{"start":{"line":38,"column":4},"end":{"line":38,"column":52}},"24":{"start":{"line":39,"column":4},"end":{"line":39,"column":51}}},"fnMap":{"0":{"name":"(anonymous_0)","decl":{"start":{"line":7,"column":34},"end":{"line":7,"column":35}},"loc":{"start":{"line":7,"column":40},"end":{"line":41,"column":1}},"line":7},"1":{"name":"(anonymous_1)","decl":{"start":{"line":8,"column":38},"end":{"line":8,"column":39}},"loc":{"start":{"line":8,"column":44},"end":{"line":12,"column":3}},"line":8},"2":{"name":"(anonymous_2)","decl":{"start":{"line":14,"column":45},"end":{"line":14,"column":46}},"loc":{"start":{"line":14,"column":51},"end":{"line":17,"column":3}},"line":14},"3":{"name":"(anonymous_3)","decl":{"start":{"line":19,"column":53},"end":{"line":19,"column":54}},"loc":{"start":{"line":19,"column":59},"end":{"line":23,"column":3}},"line":19},"4":{"name":"(anonymous_4)","decl":{"start":{"line":25,"column":48},"end":{"line":25,"column":49}},"loc":{"start":{"line":25,"column":54},"end":{"line":28,"column":3}},"line":25},"5":{"name":"(anonymous_5)","decl":{"start":{"line":30,"column":36},"end":{"line":30,"column":37}},"loc":{"start":{"line":30,"column":42},"end":{"line":40,"column":3}},"line":30}},"branchMap":{},"s":{"0":1,"1":1,"2":1,"3":1,"4":1,"5":1,"6":1,"7":1,"8":1,"9":1,"10":1,"11":1,"12":1,"13":1,"14":1,"15":1,"16":1,"17":1,"18":1,"19":1,"20":1,"21":1,"22":1,"23":1,"24":1},"f":{"0":1,"1":1,"2":1,"3":1,"4":1,"5":1},"b":{},"_coverageSchema":"1a1c01bbd47fc00a2c39e90264f33305004495a9","hash":"fcb75eadad389419c20a00230115c48e0ad912ae"}
}
