TN:
SF:actual-files.test.js
FN:3,(anonymous_0)
FN:4,(anonymous_1)
FN:25,(anonymous_2)
FN:36,(anonymous_3)
FN:47,(anonymous_4)
FN:58,(anonymous_5)
FN:61,(anonymous_6)
FNF:7
FNH:7
FNDA:1,(anonymous_0)
FNDA:1,(anonymous_1)
FNDA:1,(anonymous_2)
FNDA:1,(anonymous_3)
FNDA:1,(anonymous_4)
FNDA:1,(anonymous_5)
FNDA:3,(anonymous_6)
DA:1,1
DA:3,1
DA:4,1
DA:5,1
DA:6,1
DA:9,1
DA:10,1
DA:13,1
DA:16,1
DA:19,1
DA:21,0
DA:25,1
DA:26,1
DA:27,1
DA:29,1
DA:30,1
DA:32,0
DA:36,1
DA:37,1
DA:38,1
DA:40,1
DA:41,1
DA:43,0
DA:47,1
DA:48,1
DA:49,1
DA:51,1
DA:52,1
DA:54,0
DA:58,1
DA:59,1
DA:61,1
DA:62,3
DA:63,3
DA:64,3
DA:65,3
DA:67,0
LF:37
LH:32
BRDA:5,0,0,1
BRDA:5,0,1,0
BRDA:26,1,0,1
BRDA:26,1,1,0
BRDA:37,2,0,1
BRDA:37,2,1,0
BRDA:48,3,0,1
BRDA:48,3,1,0
BRDA:62,4,0,3
BRDA:62,4,1,0
BRF:10
BRH:5
end_of_record
TN:
SF:app.test.js
FN:6,(anonymous_0)
FN:12,(anonymous_1)
FN:42,(anonymous_2)
FN:56,(anonymous_3)
FN:73,(anonymous_4)
FN:79,(anonymous_5)
FN:85,(anonymous_6)
FN:91,(anonymous_7)
FN:92,(anonymous_8)
FN:95,(anonymous_9)
FN:103,(anonymous_10)
FN:104,(anonymous_11)
FN:108,(anonymous_12)
FN:125,(anonymous_13)
FN:144,(anonymous_14)
FN:152,(anonymous_15)
FN:162,(anonymous_16)
FN:179,(anonymous_17)
FNF:18
FNH:17
FNDA:17,(anonymous_0)
FNDA:0,(anonymous_1)
FNDA:14,(anonymous_2)
FNDA:3,(anonymous_3)
FNDA:2,(anonymous_4)
FNDA:1,(anonymous_5)
FNDA:1,(anonymous_6)
FNDA:3,(anonymous_7)
FNDA:4,(anonymous_8)
FNDA:5,(anonymous_9)
FNDA:1,(anonymous_10)
FNDA:5,(anonymous_11)
FNDA:85,(anonymous_12)
FNDA:1,(anonymous_13)
FNDA:1,(anonymous_14)
FNDA:1,(anonymous_15)
FNDA:1,(anonymous_16)
FNDA:1,(anonymous_17)
DA:6,17
DA:12,0
DA:21,1
DA:42,14
DA:45,1
DA:51,1
DA:52,1
DA:55,1
DA:57,3
DA:58,3
DA:60,3
DA:61,1
DA:62,1
DA:65,2
DA:66,1
DA:67,1
DA:70,1
DA:74,2
DA:75,2
DA:76,2
DA:80,1
DA:81,1
DA:82,1
DA:86,1
DA:87,1
DA:88,1
DA:92,4
DA:96,5
DA:97,3
DA:99,2
DA:103,1
DA:104,1
DA:105,5
DA:108,5
DA:109,85
DA:110,85
DA:111,85
DA:112,85
DA:113,85
DA:114,85
DA:115,85
DA:116,85
DA:120,5
DA:121,5
DA:122,5
DA:125,1
DA:127,1
DA:128,1
DA:129,1
DA:130,1
DA:133,1
DA:134,1
DA:135,1
DA:136,1
DA:139,1
DA:140,1
DA:141,1
DA:144,1
DA:145,1
DA:146,1
DA:148,1
DA:149,1
DA:152,1
DA:153,1
DA:154,1
DA:155,1
DA:157,1
DA:158,1
DA:159,1
DA:162,1
DA:163,1
DA:169,1
DA:170,1
DA:173,1
DA:176,1
DA:179,1
DA:181,1
DA:182,1
DA:183,1
DA:186,1
DA:187,1
DA:188,1
DA:191,1
DA:192,1
DA:195,1
DA:196,1
DA:199,1
DA:200,1
LF:88
LH:87
BRDA:42,0,0,14
BRDA:42,0,1,0
BRDA:60,1,0,1
BRDA:60,1,1,2
BRDA:65,2,0,1
BRDA:65,2,1,1
BRDA:75,3,0,1
BRDA:75,3,1,1
BRDA:96,4,0,3
BRDA:96,4,1,2
BRDA:96,5,0,5
BRDA:96,5,1,3
BRF:12
BRH:11
end_of_record
TN:
SF:auth-functions.js
FN:27,validateLogin
FN:36,(anonymous_1)
FN:47,togglePassword
FN:51,fillTestCredentials
FN:56,calculateTotalPayable
FN:57,(anonymous_5)
FN:60,formatCardNumber
FN:74,formatExpiryDate
FN:89,isValidPaymentAmount
FN:93,getStudentProfile
FN:94,(anonymous_10)
FNF:11
FNH:11
FNDA:14,validateLogin
FNDA:12,(anonymous_1)
FNDA:2,togglePassword
FNDA:2,fillTestCredentials
FNDA:10,calculateTotalPayable
FNDA:18,(anonymous_5)
FNDA:13,formatCardNumber
FNDA:3,formatExpiryDate
FNDA:23,isValidPaymentAmount
FNDA:16,getStudentProfile
FNDA:24,(anonymous_10)
DA:2,5
DA:8,5
DA:28,14
DA:29,3
DA:32,11
DA:33,2
DA:36,9
DA:37,12
DA:40,9
DA:41,7
DA:43,2
DA:48,2
DA:52,2
DA:53,2
DA:57,18
DA:61,13
DA:62,13
DA:64,13
DA:65,99
DA:66,15
DA:68,99
DA:71,13
DA:75,3
DA:78,3
DA:80,2
DA:81,1
DA:83,1
DA:86,1
DA:90,23
DA:94,24
DA:95,16
DA:96,10
DA:103,6
DA:107,5
LF:34
LH:34
BRDA:28,0,0,3
BRDA:28,0,1,11
BRDA:32,1,0,2
BRDA:32,1,1,9
BRDA:37,2,0,12
BRDA:37,2,1,8
BRDA:40,3,0,7
BRDA:40,3,1,2
BRDA:48,4,0,1
BRDA:48,4,1,1
BRDA:65,5,0,15
BRDA:65,5,1,84
BRDA:65,6,0,99
BRDA:65,6,1,87
BRDA:78,7,0,2
BRDA:78,7,1,1
BRDA:80,8,0,1
BRDA:80,8,1,1
BRDA:90,9,0,23
BRDA:90,9,1,16
BRDA:95,10,0,10
BRDA:95,10,1,6
BRF:22
BRH:22
end_of_record
TN:
SF:auth-integration.test.js
FN:16,(anonymous_0)
FN:31,(anonymous_1)
FN:32,(anonymous_2)
FN:34,(anonymous_3)
FN:37,(anonymous_4)
FN:39,(anonymous_5)
FN:40,(anonymous_6)
FN:48,(anonymous_7)
FN:50,(anonymous_8)
FN:62,(anonymous_9)
FN:64,(anonymous_10)
FN:68,(anonymous_11)
FNF:12
FNH:10
FNDA:0,(anonymous_0)
FNDA:1,(anonymous_1)
FNDA:3,(anonymous_2)
FNDA:0,(anonymous_3)
FNDA:1,(anonymous_4)
FNDA:2,(anonymous_5)
FNDA:2,(anonymous_6)
FNDA:1,(anonymous_7)
FNDA:3,(anonymous_8)
FNDA:1,(anonymous_9)
FNDA:1,(anonymous_10)
FNDA:2,(anonymous_11)
DA:6,1
DA:7,1
DA:15,1
DA:16,1
DA:17,0
DA:18,0
DA:27,0
DA:31,1
DA:32,1
DA:33,3
DA:34,3
DA:37,1
DA:39,2
DA:40,2
DA:42,1
DA:43,1
DA:44,1
DA:45,1
DA:48,1
DA:50,1
DA:51,3
DA:52,2
DA:54,1
DA:57,1
DA:58,1
DA:59,1
DA:62,1
DA:64,1
DA:65,1
DA:68,1
DA:69,2
DA:70,2
DA:71,2
DA:73,0
DA:76,1
DA:77,1
DA:78,1
LF:37
LH:33
BRDA:17,0,0,0
BRDA:17,0,1,0
BRDA:51,1,0,2
BRDA:51,1,1,1
BRDA:51,2,0,3
BRDA:51,2,1,2
BRDA:70,3,0,2
BRDA:70,3,1,0
BRF:8
BRH:5
end_of_record
TN:
SF:auth-js.test.js
FN:15,(anonymous_0)
FN:33,(anonymous_1)
FN:40,(anonymous_2)
FN:57,(anonymous_3)
FN:64,(anonymous_4)
FN:75,(anonymous_5)
FN:79,(anonymous_6)
FN:85,(anonymous_7)
FN:86,(anonymous_8)
FN:90,(anonymous_9)
FN:105,(anonymous_10)
FN:124,(anonymous_11)
FN:133,(anonymous_12)
FN:140,(anonymous_13)
FN:146,(anonymous_14)
FNF:15
FNH:15
FNDA:4,(anonymous_0)
FNDA:10,(anonymous_1)
FNDA:3,(anonymous_2)
FNDA:2,(anonymous_3)
FNDA:3,(anonymous_4)
FNDA:3,(anonymous_5)
FNDA:4,(anonymous_6)
FNDA:1,(anonymous_7)
FNDA:5,(anonymous_8)
FNDA:20,(anonymous_9)
FNDA:1,(anonymous_10)
FNDA:1,(anonymous_11)
FNDA:1,(anonymous_12)
FNDA:1,(anonymous_13)
FNDA:1,(anonymous_14)
DA:6,1
DA:7,1
DA:15,4
DA:25,1
DA:33,1
DA:34,10
DA:38,1
DA:41,3
DA:42,3
DA:44,3
DA:45,1
DA:46,1
DA:49,2
DA:50,1
DA:51,1
DA:54,1
DA:58,2
DA:59,2
DA:60,2
DA:65,3
DA:66,2
DA:67,2
DA:71,1
DA:76,3
DA:80,4
DA:81,4
DA:85,1
DA:86,1
DA:87,5
DA:90,5
DA:91,20
DA:92,20
DA:93,20
DA:94,20
DA:95,20
DA:96,20
DA:97,20
DA:98,20
DA:102,5
DA:105,1
DA:107,1
DA:108,1
DA:109,1
DA:110,1
DA:113,1
DA:114,1
DA:115,1
DA:116,1
DA:119,1
DA:120,1
DA:121,1
DA:124,1
DA:125,1
DA:126,1
DA:127,1
DA:129,1
DA:130,1
DA:133,1
DA:134,1
DA:135,1
DA:136,1
DA:137,1
DA:140,1
DA:141,1
DA:142,1
DA:143,1
DA:146,1
DA:147,1
DA:148,1
DA:149,1
DA:150,1
LF:71
LH:71
BRDA:34,0,0,10
BRDA:34,0,1,0
BRDA:44,1,0,1
BRDA:44,1,1,2
BRDA:49,2,0,1
BRDA:49,2,1,1
BRDA:59,3,0,1
BRDA:59,3,1,1
BRDA:65,4,0,2
BRDA:65,4,1,1
BRDA:65,5,0,3
BRDA:65,5,1,2
BRDA:81,6,0,4
BRDA:81,6,1,3
BRF:14
BRH:13
end_of_record
TN:
SF:auth.js
FN:2,showPaymentPage
FN:73,(anonymous_1)
FN:93,(anonymous_2)
FN:146,validateLogin
FN:171,togglePassword
FN:198,logout
FNF:6
FNH:0
FNDA:0,showPaymentPage
FNDA:0,(anonymous_1)
FNDA:0,(anonymous_2)
FNDA:0,validateLogin
FNDA:0,togglePassword
FNDA:0,logout
DA:3,0
DA:6,0
DA:7,0
DA:9,0
DA:10,0
DA:11,0
DA:15,0
DA:16,0
DA:17,0
DA:20,0
DA:21,0
DA:23,0
DA:24,0
DA:25,0
DA:26,0
DA:27,0
DA:30,0
DA:31,0
DA:32,0
DA:36,0
DA:37,0
DA:38,0
DA:39,0
DA:40,0
DA:44,0
DA:45,0
DA:48,0
DA:58,0
DA:59,0
DA:60,0
DA:61,0
DA:62,0
DA:64,0
DA:69,0
DA:70,0
DA:71,0
DA:72,0
DA:73,0
DA:74,0
DA:75,0
DA:76,0
DA:77,0
DA:79,0
DA:81,0
DA:82,0
DA:87,0
DA:88,0
DA:89,0
DA:90,0
DA:92,0
DA:93,0
DA:94,0
DA:95,0
DA:96,0
DA:102,0
DA:104,0
DA:106,0
DA:113,0
DA:117,0
DA:124,0
DA:125,0
DA:126,0
DA:127,0
DA:132,0
DA:133,0
DA:134,0
DA:138,0
DA:141,0
DA:142,0
DA:147,0
DA:150,0
DA:151,0
DA:152,0
DA:156,0
DA:157,0
DA:158,0
DA:162,0
DA:163,0
DA:164,0
DA:167,0
DA:168,0
DA:172,0
DA:174,0
DA:175,0
DA:177,0
DA:178,0
DA:179,0
DA:183,0
DA:184,0
DA:185,0
DA:186,0
DA:188,0
DA:190,0
DA:191,0
DA:192,0
DA:194,0
DA:199,0
DA:202,0
DA:203,0
DA:204,0
DA:207,0
DA:208,0
DA:210,0
DA:211,0
DA:214,0
DA:215,0
DA:217,0
LF:107
LH:0
BRDA:9,0,0,0
BRDA:9,0,1,0
BRDA:9,1,0,0
BRDA:9,1,1,0
BRDA:23,2,0,0
BRDA:23,2,1,0
BRDA:31,3,0,0
BRDA:31,3,1,0
BRDA:49,4,0,0
BRDA:49,4,1,0
BRDA:51,5,0,0
BRDA:51,5,1,0
BRDA:60,6,0,0
BRDA:60,6,1,0
BRDA:70,7,0,0
BRDA:70,7,1,0
BRDA:72,8,0,0
BRDA:72,8,1,0
BRDA:72,9,0,0
BRDA:72,9,1,0
BRDA:88,10,0,0
BRDA:88,10,1,0
BRDA:92,11,0,0
BRDA:92,11,1,0
BRDA:92,12,0,0
BRDA:92,12,1,0
BRDA:94,13,0,0
BRDA:94,13,1,0
BRDA:97,14,0,0
BRDA:97,14,1,0
BRDA:98,15,0,0
BRDA:98,15,1,0
BRDA:99,16,0,0
BRDA:99,16,1,0
BRDA:100,17,0,0
BRDA:100,17,1,0
BRDA:126,18,0,0
BRDA:126,18,1,0
BRDA:133,19,0,0
BRDA:133,19,1,0
BRDA:134,20,0,0
BRDA:134,20,1,0
BRDA:134,21,0,0
BRDA:134,21,1,0
BRDA:150,22,0,0
BRDA:150,22,1,0
BRDA:150,23,0,0
BRDA:150,23,1,0
BRDA:156,24,0,0
BRDA:156,24,1,0
BRDA:156,25,0,0
BRDA:156,25,1,0
BRDA:162,26,0,0
BRDA:162,26,1,0
BRDA:177,27,0,0
BRDA:177,27,1,0
BRDA:183,28,0,0
BRDA:183,28,1,0
BRDA:185,29,0,0
BRDA:185,29,1,0
BRDA:191,30,0,0
BRDA:191,30,1,0
BRDA:210,31,0,0
BRDA:210,31,1,0
BRDA:211,32,0,0
BRDA:211,32,1,0
BRDA:215,33,0,0
BRDA:215,33,1,0
BRF:68
BRH:0
end_of_record
TN:
SF:auth.test.js
FN:8,(anonymous_0)
FN:31,(anonymous_1)
FN:32,(anonymous_2)
FN:44,(anonymous_3)
FN:51,(anonymous_4)
FN:59,(anonymous_5)
FN:66,(anonymous_6)
FN:77,(anonymous_7)
FN:78,(anonymous_8)
FN:84,(anonymous_9)
FN:85,(anonymous_10)
FN:92,(anonymous_11)
FN:100,(anonymous_12)
FN:101,(anonymous_13)
FN:107,(anonymous_14)
FN:114,(anonymous_15)
FN:115,(anonymous_16)
FN:124,(anonymous_17)
FN:131,(anonymous_18)
FN:132,(anonymous_19)
FN:133,(anonymous_20)
FN:142,(anonymous_21)
FN:152,(anonymous_22)
FN:153,(anonymous_23)
FNF:24
FNH:23
FNDA:0,(anonymous_0)
FNDA:1,(anonymous_1)
FNDA:1,(anonymous_2)
FNDA:1,(anonymous_3)
FNDA:1,(anonymous_4)
FNDA:1,(anonymous_5)
FNDA:1,(anonymous_6)
FNDA:1,(anonymous_7)
FNDA:1,(anonymous_8)
FNDA:1,(anonymous_9)
FNDA:1,(anonymous_10)
FNDA:1,(anonymous_11)
FNDA:1,(anonymous_12)
FNDA:1,(anonymous_13)
FNDA:1,(anonymous_14)
FNDA:1,(anonymous_15)
FNDA:1,(anonymous_16)
FNDA:1,(anonymous_17)
FNDA:1,(anonymous_18)
FNDA:1,(anonymous_19)
FNDA:2,(anonymous_20)
FNDA:1,(anonymous_21)
FNDA:1,(anonymous_22)
FNDA:1,(anonymous_23)
DA:6,1
DA:7,1
DA:8,0
DA:29,1
DA:31,1
DA:32,1
DA:33,1
DA:34,1
DA:36,1
DA:37,1
DA:39,1
DA:40,1
DA:41,1
DA:44,1
DA:45,1
DA:47,1
DA:48,1
DA:51,1
DA:52,1
DA:54,1
DA:55,1
DA:56,1
DA:59,1
DA:60,1
DA:62,1
DA:63,1
DA:66,1
DA:67,1
DA:68,1
DA:70,1
DA:71,1
DA:72,1
DA:73,1
DA:77,1
DA:78,1
DA:79,1
DA:80,1
DA:84,1
DA:85,1
DA:86,1
DA:88,1
DA:89,1
DA:92,1
DA:93,1
DA:94,1
DA:95,1
DA:96,1
DA:100,1
DA:101,1
DA:102,1
DA:103,1
DA:104,1
DA:107,1
DA:108,1
DA:109,1
DA:110,1
DA:114,1
DA:115,1
DA:116,1
DA:118,1
DA:119,1
DA:120,1
DA:121,1
DA:124,1
DA:125,1
DA:127,1
DA:131,1
DA:132,1
DA:133,1
DA:134,2
DA:135,2
DA:136,2
DA:137,2
DA:138,2
DA:142,1
DA:143,1
DA:144,1
DA:145,1
DA:146,1
DA:147,1
DA:152,1
DA:153,1
DA:155,1
DA:156,1
DA:159,1
DA:160,1
DA:163,1
DA:164,1
DA:167,1
DA:168,1
LF:90
LH:89
BRF:0
BRH:0
end_of_record
TN:
SF:coverage-auth.test.js
FN:8,(anonymous_0)
FNF:1
FNH:1
FNDA:1,(anonymous_0)
DA:8,1
DA:10,1
DA:13,1
DA:14,1
DA:15,1
DA:16,1
DA:19,1
DA:24,1
DA:25,1
DA:27,0
LF:10
LH:9
BRDA:14,0,0,1
BRDA:14,0,1,0
BRF:2
BRH:1
end_of_record
TN:
SF:coverage-database.test.js
FN:8,(anonymous_0)
FNF:1
FNH:1
FNDA:1,(anonymous_0)
DA:8,1
DA:10,1
DA:13,1
DA:14,1
DA:15,1
DA:16,1
DA:19,1
DA:24,1
DA:25,1
DA:27,0
LF:10
LH:9
BRDA:14,0,0,1
BRDA:14,0,1,0
BRF:2
BRH:1
end_of_record
TN:
SF:coverage-globe.test.js
FN:8,(anonymous_0)
FNF:1
FNH:1
FNDA:1,(anonymous_0)
DA:8,1
DA:10,1
DA:13,1
DA:14,1
DA:15,1
DA:16,1
DA:19,1
DA:24,1
DA:25,1
DA:27,0
LF:10
LH:9
BRDA:14,0,0,1
BRDA:14,0,1,0
BRF:2
BRH:1
end_of_record
TN:
SF:coverage-server.test.js
FN:8,(anonymous_0)
FNF:1
FNH:1
FNDA:1,(anonymous_0)
DA:8,1
DA:10,1
DA:13,1
DA:14,1
DA:15,1
DA:16,1
DA:19,1
DA:24,1
DA:25,1
DA:27,0
LF:10
LH:9
BRDA:14,0,0,1
BRDA:14,0,1,0
BRF:2
BRH:1
end_of_record
TN:
SF:coverage-setup.js
FN:9,(anonymous_0)
FNF:1
FNH:0
FNDA:0,(anonymous_0)
DA:2,0
DA:4,0
DA:7,0
DA:9,0
DA:10,0
DA:11,0
DA:13,0
DA:15,0
DA:17,0
DA:21,0
DA:23,0
DA:27,0
DA:29,0
DA:33,0
DA:35,0
DA:39,0
DA:41,0
DA:44,0
DA:72,0
DA:73,0
DA:75,0
DA:79,0
LF:22
LH:0
BRDA:10,0,0,0
BRDA:10,0,1,0
BRDA:15,1,0,0
BRDA:15,1,1,0
BRDA:15,1,2,0
BRDA:15,1,3,0
BRDA:15,1,4,0
BRF:7
BRH:0
end_of_record
TN:
SF:coverage-wrapper.js
FN:37,(anonymous_0)
FN:38,(anonymous_1)
FN:39,(anonymous_2)
FN:40,(anonymous_3)
FNF:4
FNH:4
FNDA:1,(anonymous_0)
FNDA:1,(anonymous_1)
FNDA:1,(anonymous_2)
FNDA:1,(anonymous_3)
DA:2,1
DA:5,1
DA:8,1
DA:10,1
DA:15,1
DA:16,1
DA:21,1
DA:22,1
DA:27,1
DA:28,1
DA:34,1
DA:37,1
DA:38,1
DA:39,1
DA:40,1
LF:15
LH:15
BRF:0
BRH:0
end_of_record
TN:
SF:database.js
FN:6,(anonymous_0)
FN:11,(anonymous_1)
FN:13,(anonymous_2)
FN:24,(anonymous_3)
FN:91,(anonymous_4)
FN:121,(anonymous_5)
FN:129,(anonymous_6)
FN:137,(anonymous_7)
FN:150,(anonymous_8)
FN:165,(anonymous_9)
FN:177,(anonymous_10)
FN:178,(anonymous_11)
FN:182,(anonymous_12)
FN:190,(anonymous_13)
FN:191,(anonymous_14)
FN:197,(anonymous_15)
FN:206,(anonymous_16)
FN:207,(anonymous_17)
FN:213,(anonymous_18)
FN:221,(anonymous_19)
FN:222,(anonymous_20)
FN:225,(anonymous_21)
FN:233,(anonymous_22)
FN:234,(anonymous_23)
FN:238,(anonymous_24)
FN:246,(anonymous_25)
FN:247,(anonymous_26)
FN:251,(anonymous_27)
FN:260,(anonymous_28)
FN:261,(anonymous_29)
FN:264,(anonymous_30)
FN:269,(anonymous_31)
FN:279,(anonymous_32)
FN:283,(anonymous_33)
FN:283,(anonymous_34)
FN:288,(anonymous_35)
FN:293,(anonymous_36)
FN:298,(anonymous_37)
FN:303,(anonymous_38)
FN:321,(anonymous_39)
FNF:40
FNH:0
FNDA:0,(anonymous_0)
FNDA:0,(anonymous_1)
FNDA:0,(anonymous_2)
FNDA:0,(anonymous_3)
FNDA:0,(anonymous_4)
FNDA:0,(anonymous_5)
FNDA:0,(anonymous_6)
FNDA:0,(anonymous_7)
FNDA:0,(anonymous_8)
FNDA:0,(anonymous_9)
FNDA:0,(anonymous_10)
FNDA:0,(anonymous_11)
FNDA:0,(anonymous_12)
FNDA:0,(anonymous_13)
FNDA:0,(anonymous_14)
FNDA:0,(anonymous_15)
FNDA:0,(anonymous_16)
FNDA:0,(anonymous_17)
FNDA:0,(anonymous_18)
FNDA:0,(anonymous_19)
FNDA:0,(anonymous_20)
FNDA:0,(anonymous_21)
FNDA:0,(anonymous_22)
FNDA:0,(anonymous_23)
FNDA:0,(anonymous_24)
FNDA:0,(anonymous_25)
FNDA:0,(anonymous_26)
FNDA:0,(anonymous_27)
FNDA:0,(anonymous_28)
FNDA:0,(anonymous_29)
FNDA:0,(anonymous_30)
FNDA:0,(anonymous_31)
FNDA:0,(anonymous_32)
FNDA:0,(anonymous_33)
FNDA:0,(anonymous_34)
FNDA:0,(anonymous_35)
FNDA:0,(anonymous_36)
FNDA:0,(anonymous_37)
FNDA:0,(anonymous_38)
FNDA:0,(anonymous_39)
DA:2,1
DA:3,1
DA:7,0
DA:8,0
DA:13,0
DA:14,0
DA:15,0
DA:17,0
DA:18,0
DA:19,0
DA:26,0
DA:40,0
DA:52,0
DA:67,0
DA:79,0
DA:88,0
DA:93,0
DA:116,0
DA:117,0
DA:121,0
DA:122,0
DA:123,0
DA:124,0
DA:131,0
DA:137,0
DA:138,0
DA:145,0
DA:150,0
DA:151,0
DA:158,0
DA:165,0
DA:166,0
DA:173,0
DA:178,0
DA:179,0
DA:183,0
DA:184,0
DA:191,0
DA:192,0
DA:193,0
DA:198,0
DA:199,0
DA:207,0
DA:208,0
DA:209,0
DA:214,0
DA:215,0
DA:222,0
DA:223,0
DA:226,0
DA:227,0
DA:234,0
DA:235,0
DA:239,0
DA:240,0
DA:247,0
DA:248,0
DA:252,0
DA:253,0
DA:261,0
DA:262,0
DA:264,0
DA:265,0
DA:269,0
DA:273,0
DA:274,0
DA:275,0
DA:279,0
DA:280,0
DA:283,0
DA:288,0
DA:289,0
DA:293,0
DA:298,0
DA:299,0
DA:303,0
DA:307,0
DA:315,0
DA:322,0
DA:323,0
DA:328,1
LF:81
LH:3
BRDA:14,0,0,0
BRDA:14,0,1,0
BRDA:122,1,0,0
BRDA:122,1,1,0
BRDA:183,2,0,0
BRDA:183,2,1,0
BRDA:198,3,0,0
BRDA:198,3,1,0
BRDA:214,4,0,0
BRDA:214,4,1,0
BRDA:226,5,0,0
BRDA:226,5,1,0
BRDA:239,6,0,0
BRDA:239,6,1,0
BRDA:252,7,0,0
BRDA:252,7,1,0
BRDA:269,8,0,0
BRDA:269,8,1,0
BRDA:273,9,0,0
BRDA:273,9,1,0
BRDA:283,10,0,0
BRDA:283,10,1,0
BRDA:293,11,0,0
BRDA:293,11,1,0
BRDA:303,12,0,0
BRDA:303,12,1,0
BRDA:322,13,0,0
BRDA:322,13,1,0
BRF:28
BRH:0
end_of_record
TN:
SF:database.test.js
FN:6,(anonymous_0)
FN:11,(anonymous_1)
FN:14,(anonymous_2)
FN:19,(anonymous_3)
FN:22,(anonymous_4)
FN:31,(anonymous_5)
FN:32,(anonymous_6)
FN:40,(anonymous_7)
FN:45,(anonymous_8)
FN:53,(anonymous_9)
FNF:10
FNH:10
FNDA:2,(anonymous_0)
FNDA:3,(anonymous_1)
FNDA:1,(anonymous_2)
FNDA:2,(anonymous_3)
FNDA:1,(anonymous_4)
FNDA:1,(anonymous_5)
FNDA:1,(anonymous_6)
FNDA:1,(anonymous_7)
FNDA:1,(anonymous_8)
FNDA:1,(anonymous_9)
DA:2,1
DA:7,2
DA:11,3
DA:15,1
DA:19,2
DA:23,1
DA:31,1
DA:32,1
DA:33,1
DA:35,1
DA:36,1
DA:37,1
DA:40,1
DA:41,1
DA:42,1
DA:45,1
DA:46,1
DA:48,1
DA:49,1
DA:50,1
DA:53,1
DA:54,1
DA:62,1
DA:64,1
DA:65,1
DA:66,1
LF:26
LH:26
BRF:0
BRH:0
end_of_record
TN:
SF:dom-functions.test.js
FN:8,(anonymous_0)
FN:30,(anonymous_1)
FN:33,(anonymous_2)
FN:34,(anonymous_3)
FN:37,(anonymous_4)
FN:40,(anonymous_5)
FN:48,(anonymous_6)
FN:49,(anonymous_7)
FN:55,(anonymous_8)
FN:58,(anonymous_9)
FN:67,(anonymous_10)
FN:71,(anonymous_11)
FN:76,(anonymous_12)
FN:90,(anonymous_13)
FN:94,(anonymous_14)
FNF:15
FNH:10
FNDA:0,(anonymous_0)
FNDA:1,(anonymous_1)
FNDA:0,(anonymous_2)
FNDA:0,(anonymous_3)
FNDA:0,(anonymous_4)
FNDA:0,(anonymous_5)
FNDA:1,(anonymous_6)
FNDA:3,(anonymous_7)
FNDA:1,(anonymous_8)
FNDA:2,(anonymous_9)
FNDA:1,(anonymous_10)
FNDA:1,(anonymous_11)
FNDA:1,(anonymous_12)
FNDA:1,(anonymous_13)
FNDA:3,(anonymous_14)
DA:6,1
DA:7,1
DA:9,0
DA:25,0
DA:30,1
DA:31,1
DA:32,1
DA:33,0
DA:35,0
DA:38,0
DA:41,0
DA:46,1
DA:48,1
DA:49,1
DA:51,3
DA:52,3
DA:55,1
DA:56,1
DA:58,1
DA:59,2
DA:60,2
DA:63,1
DA:64,1
DA:67,1
DA:68,1
DA:69,1
DA:71,1
DA:72,1
DA:73,1
DA:76,1
DA:77,1
DA:78,1
DA:81,1
DA:82,1
DA:83,1
DA:85,1
DA:86,1
DA:87,1
DA:90,1
DA:91,1
DA:92,1
DA:94,1
DA:95,3
DA:96,1
DA:98,2
DA:99,1
DA:101,1
DA:104,1
DA:105,1
DA:107,1
DA:108,1
DA:110,1
DA:111,1
LF:53
LH:47
BRDA:25,0,0,0
BRDA:25,0,1,0
BRDA:59,1,0,1
BRDA:59,1,1,1
BRDA:95,2,0,1
BRDA:95,2,1,2
BRDA:98,3,0,1
BRDA:98,3,1,1
BRF:8
BRH:6
end_of_record
TN:
SF:file-existence.test.js
FN:3,(anonymous_0)
FN:4,(anonymous_1)
FN:12,(anonymous_2)
FN:17,(anonymous_3)
FN:27,(anonymous_4)
FN:37,(anonymous_5)
FNF:6
FNH:6
FNDA:1,(anonymous_0)
FNDA:1,(anonymous_1)
FNDA:4,(anonymous_2)
FNDA:1,(anonymous_3)
FNDA:1,(anonymous_4)
FNDA:6,(anonymous_5)
DA:1,1
DA:3,1
DA:4,1
DA:5,1
DA:12,1
DA:13,4
DA:17,1
DA:18,1
DA:20,1
DA:21,1
DA:22,1
DA:23,1
DA:24,1
DA:27,1
DA:28,1
DA:37,1
DA:38,6
LF:17
LH:17
BRF:0
BRH:0
end_of_record
TN:
SF:final-coverage.test.js
FN:11,(anonymous_0)
FN:12,(anonymous_1)
FN:14,(anonymous_2)
FN:15,(anonymous_3)
FN:23,(anonymous_4)
FN:24,(anonymous_5)
FN:24,(anonymous_6)
FN:25,(anonymous_7)
FN:40,(anonymous_8)
FN:57,(anonymous_9)
FN:60,(anonymous_10)
FNF:11
FNH:11
FNDA:1,(anonymous_0)
FNDA:1,(anonymous_1)
FNDA:2,(anonymous_2)
FNDA:2,(anonymous_3)
FNDA:1,(anonymous_4)
FNDA:2,(anonymous_5)
FNDA:3,(anonymous_6)
FNDA:3,(anonymous_7)
FNDA:1,(anonymous_8)
FNDA:1,(anonymous_9)
FNDA:4,(anonymous_10)
DA:9,1
DA:11,1
DA:12,1
DA:14,2
DA:15,2
DA:17,1
DA:18,1
DA:19,1
DA:20,1
DA:23,1
DA:24,3
DA:25,3
DA:27,1
DA:33,1
DA:34,1
DA:35,1
DA:36,1
DA:37,1
DA:40,1
DA:41,1
DA:49,1
DA:50,1
DA:51,1
DA:52,1
DA:53,1
DA:54,1
DA:57,1
DA:58,1
DA:60,1
DA:61,4
DA:62,4
DA:63,4
DA:64,4
LF:33
LH:33
BRDA:25,0,0,3
BRDA:25,0,1,2
BRDA:61,1,0,4
BRDA:61,1,1,0
BRF:4
BRH:3
end_of_record
TN:
SF:globe.js
FN:4,initGlobe
FN:88,animate
FN:98,(anonymous_2)
FN:120,(anonymous_3)
FN:125,selectCourse
FN:127,(anonymous_5)
FN:138,updateUnitValue
FN:144,selectTrimesters
FN:145,(anonymous_8)
FN:154,calculateFees
FN:199,saveEstimate
FN:203,(anonymous_11)
FN:212,initiPhoneAnimation
FN:219,(anonymous_13)
FN:233,showScreen
FN:235,(anonymous_15)
FN:254,initBackgroundAnimations
FN:282,showPaymentHistory
FNF:18
FNH:0
FNDA:0,initGlobe
FNDA:0,animate
FNDA:0,(anonymous_2)
FNDA:0,(anonymous_3)
FNDA:0,selectCourse
FNDA:0,(anonymous_5)
FNDA:0,updateUnitValue
FNDA:0,selectTrimesters
FNDA:0,(anonymous_8)
FNDA:0,calculateFees
FNDA:0,saveEstimate
FNDA:0,(anonymous_11)
FNDA:0,initiPhoneAnimation
FNDA:0,(anonymous_13)
FNDA:0,showScreen
FNDA:0,(anonymous_15)
FNDA:0,initBackgroundAnimations
FNDA:0,showPaymentHistory
DA:6,0
DA:7,0
DA:10,0
DA:11,0
DA:14,0
DA:21,0
DA:22,0
DA:23,0
DA:24,0
DA:26,0
DA:27,0
DA:30,0
DA:31,0
DA:35,0
DA:36,0
DA:37,0
DA:38,0
DA:41,0
DA:42,0
DA:43,0
DA:44,0
DA:51,0
DA:52,0
DA:55,0
DA:56,0
DA:58,0
DA:59,0
DA:60,0
DA:63,0
DA:64,0
DA:84,0
DA:85,0
DA:89,0
DA:90,0
DA:91,0
DA:92,0
DA:95,0
DA:98,0
DA:99,0
DA:100,0
DA:101,0
DA:105,1
DA:109,1
DA:116,1
DA:117,1
DA:120,1
DA:121,0
DA:127,0
DA:128,0
DA:130,0
DA:133,0
DA:134,0
DA:139,0
DA:140,0
DA:145,0
DA:146,0
DA:148,0
DA:149,0
DA:150,0
DA:155,0
DA:156,0
DA:159,0
DA:160,0
DA:161,0
DA:164,0
DA:167,0
DA:168,0
DA:169,0
DA:170,0
DA:174,0
DA:175,0
DA:176,0
DA:177,0
DA:180,0
DA:181,0
DA:182,0
DA:183,0
DA:186,0
DA:187,0
DA:188,0
DA:189,0
DA:191,0
DA:195,0
DA:200,0
DA:203,1
DA:205,0
DA:208,0
DA:213,0
DA:216,0
DA:219,0
DA:220,0
DA:222,0
DA:223,0
DA:225,0
DA:226,0
DA:228,0
DA:229,0
DA:235,0
DA:236,0
DA:240,0
DA:241,0
DA:242,0
DA:245,0
DA:246,0
DA:247,0
DA:248,0
DA:259,1
DA:260,1
DA:279,1
DA:283,0
DA:285,0
DA:287,0
DA:290,0
DA:291,0
LF:114
LH:9
BRDA:17,0,0,0
BRDA:17,0,1,0
BRDA:30,1,0,0
BRDA:30,1,1,0
BRDA:168,2,0,0
BRDA:168,2,1,0
BRDA:186,3,0,0
BRDA:186,3,1,0
BRDA:188,4,0,0
BRDA:188,4,1,0
BRDA:195,5,0,0
BRDA:195,5,1,0
BRDA:220,6,0,0
BRDA:220,6,1,0
BRDA:220,6,2,0
BRDA:245,7,0,0
BRDA:245,7,1,0
BRDA:247,8,0,0
BRDA:247,8,1,0
BRDA:285,9,0,0
BRDA:285,9,1,0
BRF:21
BRH:0
end_of_record
TN:
SF:globe.test.js
FN:7,(anonymous_0)
FN:15,(anonymous_1)
FN:19,(anonymous_2)
FN:32,(anonymous_3)
FN:33,(anonymous_4)
FN:41,(anonymous_5)
FN:47,(anonymous_6)
FNF:7
FNH:7
FNDA:1,(anonymous_0)
FNDA:3,(anonymous_1)
FNDA:2,(anonymous_2)
FNDA:1,(anonymous_3)
FNDA:1,(anonymous_4)
FNDA:1,(anonymous_5)
FNDA:1,(anonymous_6)
DA:6,1
DA:8,1
DA:16,3
DA:20,2
DA:21,2
DA:22,2
DA:24,2
DA:27,2
DA:28,2
DA:32,1
DA:33,1
DA:34,1
DA:36,1
DA:37,1
DA:38,1
DA:41,1
DA:42,1
DA:43,1
DA:44,1
DA:47,1
DA:49,1
DA:54,1
DA:55,1
DA:58,1
DA:63,1
LF:25
LH:25
BRF:0
BRH:0
end_of_record
TN:
SF:import-auth.test.js
FN:3,(anonymous_0)
FN:6,(anonymous_1)
FN:11,(anonymous_2)
FN:16,(anonymous_3)
FN:24,(anonymous_4)
FN:29,(anonymous_5)
FN:34,(anonymous_6)
FNF:7
FNH:7
FNDA:1,(anonymous_0)
FNDA:1,(anonymous_1)
FNDA:1,(anonymous_2)
FNDA:1,(anonymous_3)
FNDA:1,(anonymous_4)
FNDA:1,(anonymous_5)
FNDA:1,(anonymous_6)
DA:1,1
DA:3,1
DA:6,1
DA:8,1
DA:11,1
DA:12,1
DA:13,1
DA:16,1
DA:17,1
DA:18,1
DA:21,1
DA:24,1
DA:25,1
DA:26,1
DA:29,1
DA:30,1
DA:31,1
DA:34,1
DA:35,1
LF:19
LH:19
BRF:0
BRH:0
end_of_record
TN:
SF:import-database.test.js
FN:3,(anonymous_0)
FN:6,(anonymous_1)
FN:11,(anonymous_2)
FN:16,(anonymous_3)
FN:21,(anonymous_4)
FN:28,(anonymous_5)
FN:35,(anonymous_6)
FNF:7
FNH:7
FNDA:1,(anonymous_0)
FNDA:1,(anonymous_1)
FNDA:1,(anonymous_2)
FNDA:1,(anonymous_3)
FNDA:1,(anonymous_4)
FNDA:1,(anonymous_5)
FNDA:1,(anonymous_6)
DA:1,1
DA:3,1
DA:6,1
DA:8,1
DA:11,1
DA:12,1
DA:13,1
DA:16,1
DA:17,1
DA:18,1
DA:21,1
DA:23,1
DA:24,1
DA:25,1
DA:28,1
DA:30,1
DA:31,1
DA:32,1
DA:35,1
DA:36,1
DA:37,1
DA:38,1
LF:22
LH:22
BRF:0
BRH:0
end_of_record
TN:
SF:import-globe.test.js
FN:3,(anonymous_0)
FN:6,(anonymous_1)
FN:11,(anonymous_2)
FN:16,(anonymous_3)
FN:20,(anonymous_4)
FN:24,(anonymous_5)
FNF:6
FNH:6
FNDA:1,(anonymous_0)
FNDA:1,(anonymous_1)
FNDA:1,(anonymous_2)
FNDA:1,(anonymous_3)
FNDA:1,(anonymous_4)
FNDA:1,(anonymous_5)
DA:1,1
DA:3,1
DA:6,1
DA:8,1
DA:11,1
DA:12,1
DA:13,1
DA:16,1
DA:17,1
DA:20,1
DA:21,1
DA:24,1
DA:25,1
LF:13
LH:13
BRF:0
BRH:0
end_of_record
TN:
SF:import-server.test.js
FN:3,(anonymous_0)
FN:6,(anonymous_1)
FN:11,(anonymous_2)
FN:16,(anonymous_3)
FN:21,(anonymous_4)
FN:25,(anonymous_5)
FN:31,(anonymous_6)
FNF:7
FNH:7
FNDA:1,(anonymous_0)
FNDA:1,(anonymous_1)
FNDA:1,(anonymous_2)
FNDA:1,(anonymous_3)
FNDA:1,(anonymous_4)
FNDA:1,(anonymous_5)
FNDA:1,(anonymous_6)
DA:1,1
DA:3,1
DA:6,1
DA:8,1
DA:11,1
DA:12,1
DA:13,1
DA:16,1
DA:17,1
DA:18,1
DA:21,1
DA:22,1
DA:25,1
DA:26,1
DA:27,1
DA:28,1
DA:31,1
DA:32,1
DA:33,1
LF:19
LH:19
BRF:0
BRH:0
end_of_record
TN:
SF:improve-coverage.js
FN:15,(anonymous_0)
FNF:1
FNH:0
FNDA:0,(anonymous_0)
DA:1,0
DA:2,0
DA:4,0
DA:7,0
DA:14,0
DA:15,0
DA:16,0
DA:17,0
DA:21,0
DA:23,0
DA:25,0
DA:26,0
DA:31,0
DA:34,0
DA:36,0
DA:37,0
DA:42,0
DA:45,0
DA:47,0
DA:48,0
DA:53,0
DA:57,0
DA:58,0
DA:59,0
DA:60,0
DA:62,0
DA:63,0
LF:27
LH:0
BRDA:17,0,0,0
BRDA:17,0,1,0
BRDA:62,1,0,0
BRDA:62,1,1,0
BRF:4
BRH:0
end_of_record
TN:
SF:integration.test.js
FN:13,(anonymous_0)
FN:14,(anonymous_1)
FN:40,(anonymous_2)
FN:41,(anonymous_3)
FN:58,(anonymous_4)
FN:67,(anonymous_5)
FN:81,(anonymous_6)
FNF:7
FNH:7
FNDA:1,(anonymous_0)
FNDA:1,(anonymous_1)
FNDA:1,(anonymous_2)
FNDA:2,(anonymous_3)
FNDA:1,(anonymous_4)
FNDA:4,(anonymous_5)
FNDA:4,(anonymous_6)
DA:11,1
DA:13,1
DA:14,1
DA:16,1
DA:17,1
DA:18,1
DA:21,1
DA:22,1
DA:23,1
DA:26,1
DA:27,1
DA:30,1
DA:31,1
DA:32,1
DA:35,1
DA:36,1
DA:37,1
DA:40,1
DA:41,1
DA:43,2
DA:44,2
DA:47,2
DA:48,2
DA:49,2
DA:50,2
DA:53,2
DA:54,2
DA:58,1
DA:60,1
DA:67,1
DA:68,4
DA:69,4
DA:70,4
DA:74,1
DA:81,1
DA:82,4
LF:36
LH:36
BRF:0
BRH:0
end_of_record
TN:
SF:payment.test.js
FN:12,(anonymous_0)
FN:13,(anonymous_1)
FN:27,(anonymous_2)
FN:40,(anonymous_3)
FN:56,(anonymous_4)
FNF:5
FNH:5
FNDA:1,(anonymous_0)
FNDA:1,(anonymous_1)
FNDA:1,(anonymous_2)
FNDA:1,(anonymous_3)
FNDA:1,(anonymous_4)
DA:10,1
DA:12,1
DA:13,1
DA:14,1
DA:15,1
DA:16,1
DA:22,1
DA:23,1
DA:24,1
DA:27,1
DA:29,1
DA:30,1
DA:31,1
DA:34,1
DA:35,1
DA:36,1
DA:37,1
DA:40,1
DA:41,1
DA:42,1
DA:43,1
DA:44,1
DA:45,1
DA:46,1
DA:47,1
DA:50,1
DA:53,1
DA:56,1
DA:57,1
DA:58,1
DA:61,1
DA:64,1
DA:65,1
DA:68,1
LF:34
LH:34
BRF:0
BRH:0
end_of_record
TN:
SF:real-database.test.js
FN:4,(anonymous_0)
FN:9,(anonymous_1)
FN:14,(anonymous_2)
FN:18,(anonymous_3)
FN:24,(anonymous_4)
FN:28,(anonymous_5)
FN:38,(anonymous_6)
FN:47,(anonymous_7)
FN:48,(anonymous_8)
FN:53,(anonymous_9)
FN:60,(anonymous_10)
FN:65,(anonymous_11)
FN:72,(anonymous_12)
FN:77,(anonymous_13)
FN:93,(anonymous_14)
FNF:15
FNH:15
FNDA:1,(anonymous_0)
FNDA:2,(anonymous_1)
FNDA:3,(anonymous_2)
FNDA:2,(anonymous_3)
FNDA:6,(anonymous_4)
FNDA:1,(anonymous_5)
FNDA:1,(anonymous_6)
FNDA:1,(anonymous_7)
FNDA:1,(anonymous_8)
FNDA:1,(anonymous_9)
FNDA:1,(anonymous_10)
FNDA:1,(anonymous_11)
FNDA:1,(anonymous_12)
FNDA:1,(anonymous_13)
FNDA:1,(anonymous_14)
DA:2,1
DA:5,1
DA:10,2
DA:14,3
DA:19,2
DA:24,6
DA:29,1
DA:39,1
DA:47,1
DA:48,1
DA:49,1
DA:50,1
DA:53,1
DA:54,1
DA:55,1
DA:56,1
DA:57,1
DA:60,1
DA:61,1
DA:62,1
DA:65,1
DA:66,1
DA:67,1
DA:68,1
DA:69,1
DA:72,1
DA:73,1
DA:74,1
DA:77,1
DA:78,1
DA:86,1
DA:87,1
DA:88,1
DA:89,1
DA:90,1
DA:93,1
DA:94,1
DA:95,1
DA:96,1
LF:39
LH:39
BRF:0
BRH:0
end_of_record
TN:
SF:server.js
FN:14,(anonymous_0)
FN:24,initializeDatabase
FN:26,(anonymous_2)
FN:110,insertSampleData
FN:112,(anonymous_4)
FN:122,(anonymous_5)
FN:124,(anonymous_6)
FN:137,(anonymous_7)
FN:146,(anonymous_8)
FN:154,(anonymous_9)
FN:163,(anonymous_10)
FN:171,insertUserData
FN:180,(anonymous_12)
FN:189,(anonymous_13)
FN:200,(anonymous_14)
FN:208,(anonymous_15)
FN:212,(anonymous_16)
FN:216,(anonymous_17)
FN:223,(anonymous_18)
FN:227,(anonymous_19)
FN:236,(anonymous_20)
FN:243,(anonymous_21)
FN:258,getCompleteUserData
FN:259,(anonymous_23)
FN:262,(anonymous_24)
FN:274,(anonymous_25)
FN:279,(anonymous_26)
FN:283,(anonymous_27)
FN:292,(anonymous_28)
FN:302,(anonymous_29)
FN:325,(anonymous_30)
FN:333,(anonymous_31)
FN:345,(anonymous_32)
FN:346,(anonymous_33)
FN:357,(anonymous_34)
FN:361,(anonymous_35)
FN:371,(anonymous_36)
FN:375,(anonymous_37)
FN:385,(anonymous_38)
FN:388,(anonymous_39)
FN:398,(anonymous_40)
FN:404,(anonymous_41)
FN:413,(anonymous_42)
FN:416,(anonymous_43)
FN:426,(anonymous_44)
FN:432,(anonymous_45)
FN:457,(anonymous_46)
FN:461,(anonymous_47)
FN:470,(anonymous_48)
FN:474,(anonymous_49)
FN:484,(anonymous_50)
FN:485,(anonymous_51)
FN:486,(anonymous_52)
FN:510,(anonymous_53)
FN:513,(anonymous_54)
FN:528,(anonymous_55)
FN:537,sendUserNotification
FN:553,(anonymous_57)
FN:564,(anonymous_58)
FN:566,(anonymous_59)
FNF:60
FNH:0
FNDA:0,(anonymous_0)
FNDA:0,initializeDatabase
FNDA:0,(anonymous_2)
FNDA:0,insertSampleData
FNDA:0,(anonymous_4)
FNDA:0,(anonymous_5)
FNDA:0,(anonymous_6)
FNDA:0,(anonymous_7)
FNDA:0,(anonymous_8)
FNDA:0,(anonymous_9)
FNDA:0,(anonymous_10)
FNDA:0,insertUserData
FNDA:0,(anonymous_12)
FNDA:0,(anonymous_13)
FNDA:0,(anonymous_14)
FNDA:0,(anonymous_15)
FNDA:0,(anonymous_16)
FNDA:0,(anonymous_17)
FNDA:0,(anonymous_18)
FNDA:0,(anonymous_19)
FNDA:0,(anonymous_20)
FNDA:0,(anonymous_21)
FNDA:0,getCompleteUserData
FNDA:0,(anonymous_23)
FNDA:0,(anonymous_24)
FNDA:0,(anonymous_25)
FNDA:0,(anonymous_26)
FNDA:0,(anonymous_27)
FNDA:0,(anonymous_28)
FNDA:0,(anonymous_29)
FNDA:0,(anonymous_30)
FNDA:0,(anonymous_31)
FNDA:0,(anonymous_32)
FNDA:0,(anonymous_33)
FNDA:0,(anonymous_34)
FNDA:0,(anonymous_35)
FNDA:0,(anonymous_36)
FNDA:0,(anonymous_37)
FNDA:0,(anonymous_38)
FNDA:0,(anonymous_39)
FNDA:0,(anonymous_40)
FNDA:0,(anonymous_41)
FNDA:0,(anonymous_42)
FNDA:0,(anonymous_43)
FNDA:0,(anonymous_44)
FNDA:0,(anonymous_45)
FNDA:0,(anonymous_46)
FNDA:0,(anonymous_47)
FNDA:0,(anonymous_48)
FNDA:0,(anonymous_49)
FNDA:0,(anonymous_50)
FNDA:0,(anonymous_51)
FNDA:0,(anonymous_52)
FNDA:0,(anonymous_53)
FNDA:0,(anonymous_54)
FNDA:0,(anonymous_55)
FNDA:0,sendUserNotification
FNDA:0,(anonymous_57)
FNDA:0,(anonymous_58)
FNDA:0,(anonymous_59)
DA:2,1
DA:3,1
DA:4,1
DA:5,1
DA:6,1
DA:7,1
DA:10,1
DA:11,1
DA:14,1
DA:15,0
DA:16,0
DA:18,0
DA:19,0
DA:26,0
DA:28,0
DA:42,0
DA:54,0
DA:69,0
DA:81,0
DA:91,0
DA:103,0
DA:106,0
DA:112,0
DA:113,0
DA:114,0
DA:117,0
DA:122,0
DA:123,0
DA:125,0
DA:126,0
DA:128,0
DA:129,0
DA:137,0
DA:138,0
DA:139,0
DA:140,0
DA:146,0
DA:147,0
DA:154,0
DA:155,0
DA:156,0
DA:157,0
DA:163,0
DA:164,0
DA:172,0
DA:174,0
DA:180,0
DA:181,0
DA:184,0
DA:189,0
DA:190,0
DA:193,0
DA:200,0
DA:201,0
DA:208,1
DA:209,0
DA:212,1
DA:213,0
DA:216,1
DA:217,0
DA:223,1
DA:224,0
DA:225,0
DA:227,0
DA:228,0
DA:229,0
DA:230,0
DA:233,0
DA:235,0
DA:237,0
DA:238,0
DA:244,0
DA:245,0
DA:248,0
DA:249,0
DA:259,0
DA:261,0
DA:263,0
DA:264,0
DA:265,0
DA:268,0
DA:269,0
DA:270,0
DA:274,0
DA:275,0
DA:276,0
DA:277,0
DA:279,0
DA:282,0
DA:284,0
DA:285,0
DA:286,0
DA:288,0
DA:291,0
DA:293,0
DA:294,0
DA:295,0
DA:297,0
DA:300,0
DA:303,0
DA:304,0
DA:305,0
DA:307,0
DA:309,0
DA:325,1
DA:326,0
DA:328,0
DA:330,0
DA:334,0
DA:335,0
DA:336,0
DA:339,0
DA:340,0
DA:345,1
DA:346,0
DA:347,0
DA:348,0
DA:349,0
DA:351,0
DA:352,0
DA:357,1
DA:358,0
DA:362,0
DA:363,0
DA:364,0
DA:366,0
DA:371,1
DA:372,0
DA:373,0
DA:375,0
DA:376,0
DA:377,0
DA:378,0
DA:380,0
DA:385,1
DA:386,0
DA:388,0
DA:389,0
DA:390,0
DA:391,0
DA:393,0
DA:398,1
DA:399,0
DA:401,0
DA:405,0
DA:406,0
DA:407,0
DA:409,0
DA:413,1
DA:414,0
DA:416,0
DA:417,0
DA:418,0
DA:419,0
DA:421,0
DA:426,1
DA:427,0
DA:429,0
DA:433,0
DA:434,0
DA:435,0
DA:439,0
DA:440,0
DA:452,0
DA:457,1
DA:458,0
DA:460,0
DA:462,0
DA:463,0
DA:464,0
DA:466,0
DA:470,1
DA:471,0
DA:473,0
DA:475,0
DA:476,0
DA:477,0
DA:479,0
DA:484,1
DA:485,0
DA:486,0
DA:487,0
DA:499,1
DA:502,1
DA:503,1
DA:504,1
DA:505,0
DA:508,0
DA:510,0
DA:511,0
DA:513,0
DA:514,0
DA:515,0
DA:517,0
DA:519,0
DA:520,0
DA:521,0
DA:524,0
DA:528,0
DA:529,0
DA:530,0
DA:531,0
DA:538,0
DA:539,0
DA:540,0
DA:541,0
DA:546,0
DA:549,1
DA:552,1
DA:553,1
DA:554,0
DA:555,0
DA:556,0
DA:557,0
DA:558,0
DA:559,0
DA:560,0
DA:564,1
DA:565,0
DA:566,0
DA:567,0
DA:568,0
DA:570,0
DA:572,0
LF:224
LH:32
BRDA:15,0,0,0
BRDA:15,0,1,0
BRDA:113,1,0,0
BRDA:113,1,1,0
BRDA:125,2,0,0
BRDA:125,2,1,0
BRDA:138,3,0,0
BRDA:138,3,1,0
BRDA:155,4,0,0
BRDA:155,4,1,0
BRDA:172,5,0,0
BRDA:172,5,1,0
BRDA:228,6,0,0
BRDA:228,6,1,0
BRDA:233,7,0,0
BRDA:233,7,1,0
BRDA:233,8,0,0
BRDA:233,8,1,0
BRDA:263,9,0,0
BRDA:263,9,1,0
BRDA:268,10,0,0
BRDA:268,10,1,0
BRDA:275,11,0,0
BRDA:275,11,1,0
BRDA:284,12,0,0
BRDA:284,12,1,0
BRDA:293,13,0,0
BRDA:293,13,1,0
BRDA:303,14,0,0
BRDA:303,14,1,0
BRDA:332,15,0,0
BRDA:332,15,1,0
BRDA:334,16,0,0
BRDA:334,16,1,0
BRDA:347,17,0,0
BRDA:347,17,1,0
BRDA:362,18,0,0
BRDA:362,18,1,0
BRDA:376,19,0,0
BRDA:376,19,1,0
BRDA:389,20,0,0
BRDA:389,20,1,0
BRDA:405,21,0,0
BRDA:405,21,1,0
BRDA:417,22,0,0
BRDA:417,22,1,0
BRDA:433,23,0,0
BRDA:433,23,1,0
BRDA:439,24,0,0
BRDA:439,24,1,0
BRDA:462,25,0,0
BRDA:462,25,1,0
BRDA:475,26,0,0
BRDA:475,26,1,0
BRDA:517,27,0,0
BRDA:517,27,1,0
BRDA:517,28,0,0
BRDA:517,28,1,0
BRDA:529,29,0,0
BRDA:529,29,1,0
BRDA:539,30,0,0
BRDA:539,30,1,0
BRDA:539,31,0,0
BRDA:539,31,1,0
BRDA:557,32,0,0
BRDA:557,32,1,0
BRDA:567,33,0,0
BRDA:567,33,1,0
BRF:68
BRH:0
end_of_record
TN:
SF:server.test.js
FN:5,(anonymous_0)
FN:16,(anonymous_1)
FN:17,(anonymous_2)
FN:22,(anonymous_3)
FN:50,(anonymous_4)
FN:69,(anonymous_5)
FN:72,(anonymous_6)
FN:76,(anonymous_7)
FN:86,(anonymous_8)
FN:90,(anonymous_9)
FN:103,(anonymous_10)
FN:113,(anonymous_11)
FN:117,(anonymous_12)
FN:127,(anonymous_13)
FN:137,(anonymous_14)
FN:140,(anonymous_15)
FN:151,(anonymous_16)
FN:152,(anonymous_17)
FN:158,(anonymous_18)
FNF:19
FNH:18
FNDA:3,(anonymous_0)
FNDA:2,(anonymous_1)
FNDA:3,(anonymous_2)
FNDA:2,(anonymous_3)
FNDA:1,(anonymous_4)
FNDA:1,(anonymous_5)
FNDA:3,(anonymous_6)
FNDA:1,(anonymous_7)
FNDA:0,(anonymous_8)
FNDA:5,(anonymous_9)
FNDA:1,(anonymous_10)
FNDA:1,(anonymous_11)
FNDA:5,(anonymous_12)
FNDA:1,(anonymous_13)
FNDA:1,(anonymous_14)
FNDA:5,(anonymous_15)
FNDA:1,(anonymous_16)
FNDA:1,(anonymous_17)
FNDA:1,(anonymous_18)
DA:2,1
DA:5,1
DA:6,3
DA:7,3
DA:10,3
DA:17,3
DA:22,3
DA:23,2
DA:25,2
DA:27,2
DA:28,1
DA:46,1
DA:50,3
DA:51,1
DA:53,1
DA:54,1
DA:57,0
DA:66,3
DA:69,1
DA:72,1
DA:73,3
DA:76,1
DA:77,1
DA:84,1
DA:86,0
DA:90,1
DA:91,5
DA:92,1
DA:93,1
DA:97,1
DA:98,1
DA:99,1
DA:100,1
DA:103,1
DA:104,1
DA:111,1
DA:113,1
DA:117,1
DA:118,5
DA:119,1
DA:120,1
DA:124,1
DA:127,1
DA:128,1
DA:135,1
DA:137,1
DA:140,1
DA:141,5
DA:142,1
DA:143,1
DA:147,1
DA:151,1
DA:152,1
DA:153,1
DA:154,1
DA:155,1
DA:158,1
DA:159,1
DA:160,1
DA:161,1
LF:60
LH:58
BRDA:27,0,0,1
BRDA:27,0,1,1
BRDA:27,1,0,2
BRDA:27,1,1,1
BRDA:53,2,0,1
BRDA:53,2,1,0
BRDA:91,3,0,1
BRDA:91,3,1,4
BRDA:91,4,0,5
BRDA:91,4,1,2
BRDA:91,4,2,1
BRDA:118,5,0,1
BRDA:118,5,1,4
BRDA:118,6,0,5
BRDA:118,6,1,2
BRDA:118,6,2,1
BRDA:141,7,0,1
BRDA:141,7,1,4
BRDA:141,8,0,5
BRDA:141,8,1,2
BRDA:141,8,2,1
BRF:21
BRH:20
end_of_record
TN:
SF:student.test.js
FN:7,(anonymous_0)
FN:8,(anonymous_1)
FN:9,(anonymous_2)
FN:18,(anonymous_3)
FN:29,(anonymous_4)
FN:38,(anonymous_5)
FN:44,(anonymous_6)
FN:50,(anonymous_7)
FN:56,(anonymous_8)
FN:61,(anonymous_9)
FNF:10
FNH:10
FNDA:1,(anonymous_0)
FNDA:1,(anonymous_1)
FNDA:2,(anonymous_2)
FNDA:1,(anonymous_3)
FNDA:1,(anonymous_4)
FNDA:5,(anonymous_5)
FNDA:1,(anonymous_6)
FNDA:3,(anonymous_7)
FNDA:1,(anonymous_8)
FNDA:2,(anonymous_9)
DA:5,1
DA:7,1
DA:8,1
DA:9,1
DA:10,2
DA:11,2
DA:12,2
DA:13,2
DA:14,2
DA:18,1
DA:19,1
DA:21,1
DA:22,1
DA:23,1
DA:24,1
DA:25,1
DA:26,1
DA:29,1
DA:30,1
DA:38,1
DA:39,5
DA:40,5
DA:44,1
DA:45,1
DA:47,1
DA:48,1
DA:50,1
DA:51,3
DA:52,3
DA:56,1
DA:57,1
DA:59,1
DA:61,1
DA:62,2
DA:63,2
DA:64,2
DA:65,2
DA:66,2
DA:67,2
LF:39
LH:39
BRF:0
BRH:0
end_of_record
TN:
SF:test-setup.js
FN:7,(anonymous_0)
FN:15,(anonymous_1)
FNF:2
FNH:2
FNDA:24,(anonymous_0)
FNDA:24,(anonymous_1)
DA:4,24
DA:5,24
DA:7,24
DA:9,24
DA:10,24
DA:11,24
DA:15,24
DA:17,24
DA:18,24
LF:9
LH:9
BRDA:9,0,0,24
BRDA:9,0,1,0
BRF:2
BRH:1
end_of_record
TN:
SF:wrapper.test.js
FN:7,(anonymous_0)
FN:8,(anonymous_1)
FN:14,(anonymous_2)
FN:19,(anonymous_3)
FN:25,(anonymous_4)
FN:30,(anonymous_5)
FNF:6
FNH:6
FNDA:1,(anonymous_0)
FNDA:1,(anonymous_1)
FNDA:1,(anonymous_2)
FNDA:1,(anonymous_3)
FNDA:1,(anonymous_4)
FNDA:1,(anonymous_5)
DA:5,1
DA:7,1
DA:8,1
DA:9,1
DA:10,1
DA:11,1
DA:14,1
DA:15,1
DA:16,1
DA:19,1
DA:20,1
DA:21,1
DA:22,1
DA:25,1
DA:26,1
DA:27,1
DA:30,1
DA:31,1
DA:32,1
DA:33,1
DA:34,1
DA:36,1
DA:37,1
DA:38,1
DA:39,1
LF:25
LH:25
BRF:0
BRH:0
end_of_record
